#
# There is insufficient memory for the Java Runtime Environment to continue.
# Native memory allocation (malloc) failed to allocate 40496 bytes for Chunk::new
# Possible reasons:
#   The system is out of physical RAM or swap space
#   In 32 bit mode, the process size limit was hit
# Possible solutions:
#   Reduce memory load on the system
#   Increase physical memory or swap space
#   Check if swap backing store is full
#   Use 64 bit Java on a 64 bit OS
#   Decrease Java heap size (-Xmx/-Xms)
#   Decrease number of Java threads
#   Decrease Java thread stack sizes (-Xss)
#   Set larger code cache with -XX:ReservedCodeCacheSize=
# This output file may be truncated or incomplete.
#
#  Out of Memory Error (allocation.cpp:390), pid=18700, tid=10168
#
# JRE version: Java(TM) SE Runtime Environment (8.0_60-b27) (build 1.8.0_60-b27)
# Java VM: Java HotSpot(TM) 64-Bit Server VM (25.60-b23 mixed mode windows-amd64 compressed oops)
# Failed to write core dump. Minidumps are not enabled by default on client versions of Windows
#

---------------  T H R E A D  ---------------

Current thread (0x0000000019cf0000):  JavaThread "C2 CompilerThread2" daemon [_thread_in_native, id=10168, stack(0x000000001a4c0000,0x000000001a5c0000)]

Stack: [0x000000001a4c0000,0x000000001a5c0000]
[error occurred during error reporting (printing stack bounds), id 0xc0000005]

Native frames: (J=compiled Java code, j=interpreted, Vv=VM code, C=native code)


Current CompileTask:
C2:    390  350       4       java.lang.String::replace (127 bytes)


---------------  P R O C E S S  ---------------

Java Threads: ( => current thread )
  0x0000000019ea4800 JavaThread "surefire-forkedjvm-ping-30s" daemon [_thread_in_native, id=12480, stack(0x000000001a9c0000,0x000000001aac0000)]
  0x0000000019e3b000 JavaThread "surefire-forkedjvm-command-thread" daemon [_thread_in_native, id=26588, stack(0x000000001a8c0000,0x000000001a9c0000)]
  0x0000000019d80800 JavaThread "Service Thread" daemon [_thread_blocked, id=25152, stack(0x000000001a6c0000,0x000000001a7c0000)]
  0x0000000019cf6000 JavaThread "C1 CompilerThread3" daemon [_thread_in_native, id=27384, stack(0x000000001a5c0000,0x000000001a6c0000)]
=>0x0000000019cf0000 JavaThread "C2 CompilerThread2" daemon [_thread_in_native, id=10168, stack(0x000000001a4c0000,0x000000001a5c0000)]
  0x0000000019cee800 JavaThread "C2 CompilerThread1" daemon [_thread_in_native, id=3696, stack(0x000000001a3c0000,0x000000001a4c0000)]
  0x0000000019cea000 JavaThread "C2 CompilerThread0" daemon [_thread_in_native, id=11876, stack(0x000000001a2c0000,0x000000001a3c0000)]
  0x0000000019ce7800 JavaThread "Attach Listener" daemon [_thread_blocked, id=20968, stack(0x000000001a1c0000,0x000000001a2c0000)]
  0x0000000019ce4800 JavaThread "Signal Dispatcher" daemon [_thread_blocked, id=16232, stack(0x000000001a0c0000,0x000000001a1c0000)]
  0x0000000002d63000 JavaThread "Finalizer" daemon [_thread_blocked, id=28500, stack(0x0000000019a90000,0x0000000019b90000)]
  0x0000000017bcd800 JavaThread "Reference Handler" daemon [_thread_blocked, id=14408, stack(0x0000000019990000,0x0000000019a90000)]
  0x0000000002c71000 JavaThread "main" [_thread_in_vm, id=9256, stack(0x0000000002b30000,0x0000000002c30000)]

Other Threads:
  0x0000000017bc9800 VMThread [stack: 0x0000000019890000,0x0000000019990000] [id=28636]
  0x0000000019d9b000 WatcherThread [stack: 0x000000001a7c0000,0x000000001a8c0000] [id=1572]

VM state:not at safepoint (normal execution)

VM Mutex/Monitor currently owned by a thread: None

Heap:
 PSYoungGen      total 36864K, used 13514K [0x00000000d7100000, 0x00000000d9a00000, 0x0000000100000000)
  eden space 31744K, 42% used [0x00000000d7100000,0x00000000d7e32ad0,0x00000000d9000000)
  from space 5120K, 0% used [0x00000000d9500000,0x00000000d9500000,0x00000000d9a00000)
  to   space 5120K, 0% used [0x00000000d9000000,0x00000000d9000000,0x00000000d9500000)
 ParOldGen       total 84992K, used 0K [0x0000000085200000, 0x000000008a500000, 0x00000000d7100000)
  object space 84992K, 0% used [0x0000000085200000,0x0000000085200000,0x000000008a500000)
 Metaspace       used 5821K, capacity 5972K, committed 6144K, reserved 1056768K
  class space    used 655K, capacity 691K, committed 768K, reserved 1048576K

Card table byte_map: [0x0000000012220000,0x0000000012600000] byte_map_base: 0x0000000011df7000

Marking Bits: (ParMarkBitMap*) 0x0000000059d8a5b0
 Begin Bits: [0x0000000013090000, 0x0000000014f48000)
 End Bits:   [0x0000000014f48000, 0x0000000016e00000)

Polling page: 0x0000000002c30000

CodeCache: size=245760Kb used=1938Kb max_used=1951Kb free=243821Kb
 bounds [0x0000000002e60000, 0x00000000030d0000, 0x0000000011e60000]
 total_blobs=635 nmethods=350 adapters=198
 compilation: enabled

Compilation events (10 events):
Event: 0.383 Thread 0x0000000019cf6000 nmethod 347 0x000000000303de50 code [0x000000000303e040, 0x000000000303eb78]
Event: 0.384 Thread 0x0000000019cf0000 nmethod 348 0x000000000303da50 code [0x000000000303db80, 0x000000000303dcf8]
Event: 0.384 Thread 0x0000000019cf0000  350       4       java.lang.String::replace (127 bytes)
Event: 0.384 Thread 0x0000000019cf6000  351       3       sun.net.www.protocol.file.Handler::parseURL (18 bytes)
Event: 0.385 Thread 0x0000000019cf6000 nmethod 351 0x0000000003047350 code [0x00000000030474c0, 0x0000000003047738]
Event: 0.385 Thread 0x0000000019cf6000  352       3       java.net.URLStreamHandler::parseURL (1158 bytes)
Event: 0.385 Thread 0x0000000019cea000 nmethod 349 0x0000000003045990 code [0x0000000003045ae0, 0x0000000003045d18]
Event: 0.385 Thread 0x0000000019cea000  353  s!   4       sun.misc.URLClassPath::getLoader (197 bytes)
Event: 0.386 Thread 0x0000000019cee800 nmethod 342 0x0000000003045050 code [0x00000000030451a0, 0x00000000030456b8]
Event: 0.386 Thread 0x0000000019cee800  356       4       java.lang.String::startsWith (72 bytes)

GC Heap History (0 events):
No events

Deoptimization events (1 events):
Event: 0.193 Thread 0x0000000002c71000 Uncommon trap: reason=unstable_if action=reinterpret pc=0x0000000002fc9e90 method=java.lang.String.startsWith(Ljava/lang/String;I)Z @ 25

Internal exceptions (8 events):
Event: 0.045 Thread 0x0000000002c71000 Exception <a 'java/lang/NoSuchMethodError': Method sun.misc.Unsafe.defineClass(Ljava/lang/String;[BII)Ljava/lang/Class; name or signature does not match> (0x00000000d710d840) thrown at [C:\re\workspace\8-2-build-windows-amd64-cygwin\jdk8u60\4407\hotspot\srCGaÕ∑Ù¶?
Event: 0.045 Thread 0x0000000002c71000 Exception <a 'java/lang/NoSuchMethodError': Method sun.misc.Unsafe.prefetchRead(Ljava/lang/Object;J)V name or signature does not match> (0x00000000d710db28) thrown at [C:\re\workspace\8-2-build-windows-amd64-cygwin\jdk8u60\4407\hotspot\src\share\vm\prims\j≤≥ç‰óf¿?
Event: 0.128 Thread 0x0000000002c71000 Exception <a 'java/security/PrivilegedActionException'> (0x00000000d76d9130) thrown at [C:\re\workspace\8-2-build-windows-amd64-cygwin\jdk8u60\4407\hotspot\src\share\vm\prims\jvm.cpp, line 1386]
Event: 0.128 Thread 0x0000000002c71000 Exception <a 'java/security/PrivilegedActionException'> (0x00000000d76d9528) thrown at [C:\re\workspace\8-2-build-windows-amd64-cygwin\jdk8u60\4407\hotspot\src\share\vm\prims\jvm.cpp, line 1386]
Event: 0.129 Thread 0x0000000002c71000 Exception <a 'java/security/PrivilegedActionException'> (0x00000000d76dd740) thrown at [C:\re\workspace\8-2-build-windows-amd64-cygwin\jdk8u60\4407\hotspot\src\share\vm\prims\jvm.cpp, line 1386]
Event: 0.129 Thread 0x0000000002c71000 Exception <a 'java/security/PrivilegedActionException'> (0x00000000d76ddb38) thrown at [C:\re\workspace\8-2-build-windows-amd64-cygwin\jdk8u60\4407\hotspot\src\share\vm\prims\jvm.cpp, line 1386]
Event: 0.381 Thread 0x0000000002c71000 Exception <a 'java/lang/NoSuchMethodError': org.junit.runner.Description.createSuiteDescription(Ljava/lang/String;)Lorg/junit/runner/Description;> (0x00000000d7da6bf0) thrown at [C:\re\workspace\8-2-build-windows-amd64-cygwin\jdk8u60\4407\hotspot\src\share“ÅK∂pÿ?
Event: 0.382 Thread 0x0000000002c71000 Exception <a 'java/lang/NoSuchMethodError': org.junit.runner.Description.createSuiteDescription(Ljava/lang/String;)Lorg/junit/runner/Description;> (0x00000000d7da8b38) thrown at [C:\re\workspace\8-2-build-windows-amd64-cygwin\jdk8u60\4407\hotspot\src\share

Events (10 events):
Event: 0.384 loading class org/apache/maven/surefire/junit4/JUnit4Provider$1
Event: 0.384 loading class org/apache/maven/surefire/junit4/JUnit4Provider$1 done
Event: 0.385 loading class org/apache/maven/surefire/report/SimpleReportEntry
Event: 0.385 loading class org/apache/maven/surefire/report/SimpleReportEntry done
Event: 0.386 loading class org/apache/maven/surefire/util/internal/ImmutableMap
Event: 0.386 loading class org/apache/maven/surefire/util/internal/ImmutableMap done
Event: 0.386 loading class org/apache/maven/surefire/util/internal/ImmutableMap$Node
Event: 0.386 loading class org/apache/maven/surefire/util/internal/ImmutableMap$Node done
Event: 0.387 loading class org/junit/runner/Request
Event: 0.387 loading class org/junit/runner/Request done


Dynamic libraries:
0x00007ff61d4c0000 - 0x00007ff61d4f7000 	C:\Program Files\Java\jdk1.8.0_60\jre\bin\java.exe
0x00007ff869c00000 - 0x00007ff869e09000 	C:\WINDOWS\SYSTEM32\ntdll.dll
0x00007ff867eb0000 - 0x00007ff867f6d000 	C:\WINDOWS\System32\KERNEL32.DLL
0x00007ff867680000 - 0x00007ff8679f9000 	C:\WINDOWS\System32\KERNELBASE.dll
0x00007ff8684a0000 - 0x00007ff86854e000 	C:\WINDOWS\System32\ADVAPI32.dll
0x00007ff869130000 - 0x00007ff8691d3000 	C:\WINDOWS\System32\msvcrt.dll
0x00007ff868f50000 - 0x00007ff868fee000 	C:\WINDOWS\System32\sechost.dll
0x00007ff868e30000 - 0x00007ff868f50000 	C:\WINDOWS\System32\RPCRT4.dll
0x00007ff868c80000 - 0x00007ff868e2c000 	C:\WINDOWS\System32\USER32.dll
0x00007ff867a00000 - 0x00007ff867a26000 	C:\WINDOWS\System32\win32u.dll
0x00007ff869360000 - 0x00007ff869389000 	C:\WINDOWS\System32\GDI32.dll
0x00007ff8674e0000 - 0x00007ff8675f2000 	C:\WINDOWS\System32\gdi32full.dll
0x00007ff867440000 - 0x00007ff8674dd000 	C:\WINDOWS\System32\msvcp_win.dll
0x00007ff8670f0000 - 0x00007ff867201000 	C:\WINDOWS\System32\ucrtbase.dll
0x00007ff84af70000 - 0x00007ff84b215000 	C:\WINDOWS\WinSxS\amd64_microsoft.windows.common-controls_6595b64144ccf1df_6.0.22000.120_none_9d947278b86cc467\COMCTL32.dll
0x00007ff867f90000 - 0x00007ff867fc1000 	C:\WINDOWS\System32\IMM32.DLL
0x0000000059e10000 - 0x0000000059ee2000 	C:\Program Files\Java\jdk1.8.0_60\jre\bin\msvcr100.dll
0x0000000059580000 - 0x0000000059e09000 	C:\Program Files\Java\jdk1.8.0_60\jre\bin\server\jvm.dll
0x00007ff867ea0000 - 0x00007ff867ea8000 	C:\WINDOWS\System32\PSAPI.DLL
0x00007ff844f10000 - 0x00007ff844f19000 	C:\WINDOWS\SYSTEM32\WSOCK32.dll
0x00007ff8690c0000 - 0x00007ff86912f000 	C:\WINDOWS\System32\WS2_32.dll
0x00007ff85d4d0000 - 0x00007ff85d503000 	C:\WINDOWS\SYSTEM32\WINMM.dll
0x00007ff85cb80000 - 0x00007ff85cb8a000 	C:\WINDOWS\SYSTEM32\VERSION.dll
0x0000000059570000 - 0x000000005957f000 	C:\Program Files\Java\jdk1.8.0_60\jre\bin\verify.dll
0x0000000059540000 - 0x0000000059569000 	C:\Program Files\Java\jdk1.8.0_60\jre\bin\java.dll
0x0000000059520000 - 0x0000000059536000 	C:\Program Files\Java\jdk1.8.0_60\jre\bin\zip.dll
0x00007ff8693f0000 - 0x00007ff869b9f000 	C:\WINDOWS\System32\SHELL32.dll
0x00007ff8651e0000 - 0x00007ff865a48000 	C:\WINDOWS\SYSTEM32\windows.storage.dll
0x00007ff868890000 - 0x00007ff868c08000 	C:\WINDOWS\System32\combase.dll
0x00007ff865070000 - 0x00007ff8651d6000 	C:\WINDOWS\SYSTEM32\wintypes.dll
0x00007ff867aa0000 - 0x00007ff867b8a000 	C:\WINDOWS\System32\SHCORE.dll
0x00007ff868440000 - 0x00007ff86849d000 	C:\WINDOWS\System32\shlwapi.dll
0x00007ff867020000 - 0x00007ff867041000 	C:\WINDOWS\SYSTEM32\profapi.dll
0x00000000594d0000 - 0x00000000594dd000 	C:\Program Files\Java\jdk1.8.0_60\jre\bin\management.dll

VM Arguments:
java_command: C:\Users\SKANDE~1\AppData\Local\Temp\surefire3493328628752114417\surefirebooter443073160647470040.jar C:\Users\Skander Boussorra\AppData\Local\Temp\surefire3493328628752114417 2022-05-22T14-32-07_526-jvmRun1 surefire7543234855493347338tmp surefire_06831275072506679039tmp
java_class_path (initial): C:\Users\SKANDE~1\AppData\Local\Temp\surefire3493328628752114417\surefirebooter443073160647470040.jar
Launcher Type: SUN_STANDARD

Environment Variables:
JAVA_HOME=C:\Program Files\Java\jdk1.8.0_60
PATH=C:\ProgramData\Oracle\Java\javapath;C:\oraclexe\app\oracle\product\10.2.0\server\bin;C:\Program Files (x86)\VMware\VMware Workstation\bin\;C:\WINDOWS\system32;C:\WINDOWS;C:\WINDOWS\System32\Wbem;C:\WINDOWS\System32\WindowsPowerShell\v1.0\;C:\WINDOWS\System32\OpenSSH\;C:\Program Files (x86)\Common Files\PCXTools;C:\Program Files\PuTTY\;C:\Program Files\Git\cmd;C:\Program Files\Docker\Docker\resources\bin;C:\ProgramData\DockerDesktop\version-bin;C:\Users\Skander Boussorra\AppData\Local\Microsoft\WindowsApps;C:\Program Files\JetBrains\IntelliJ IDEA 2022.1\bin;;C:\apache-maven-3.8.5\bin;C:\Program Files\Java\jdk1.8.0_60\bin;C:\Program Files\apache-maven-3.5.0\bin;
USERNAME=Skander Boussorra
OS=Windows_NT
PROCESSOR_IDENTIFIER=Intel64 Family 6 Model 140 Stepping 1, GenuineIntel



---------------  S Y S T E M  ---------------

OS: Windows 10.0 , 64 bit Build 22000 (10.0.22000.675)

CPU:total 8 (4 cores per cpu, 2 threads per core) family 6 model 140 stepping 1, cmov, cx8, fxsr, mmx, sse, sse2, sse3, ssse3, sse4.1, sse4.2, popcnt, avx, avx2, aes, clmul, erms, 3dnowpref, lzcnt, ht, tsc, tscinvbit, bmi1, bmi2, adx

Memory: 4k page, physical 8047924k(101048k free), swap 23530160k(184k free)

vm_info: Java HotSpot(TM) 64-Bit Server VM (25.60-b23) for windows-amd64 JRE (1.8.0_60-b27), built on Aug  4 2015 11:06:27 by "java_re" with MS VC++ 10.0 (VS2010)

time: Sun May 22 14:32:08 2022
elapsed time: 0 seconds (0d 0h 0m 0s)

