#
# There is insufficient memory for the Java Runtime Environment to continue.
# Native memory allocation (malloc) failed to allocate 1232976 bytes for Chunk::new
# Possible reasons:
#   The system is out of physical RAM or swap space
#   The process is running with CompressedOops enabled, and the Java Heap may be blocking the growth of the native heap
# Possible solutions:
#   Reduce memory load on the system
#   Increase physical memory or swap space
#   Check if swap backing store is full
#   Decrease Java heap size (-Xmx/-Xms)
#   Decrease number of Java threads
#   Decrease Java thread stack sizes (-Xss)
#   Set larger code cache with -XX:ReservedCodeCacheSize=
#   JVM is running with Unscaled Compressed Oops mode in which the Java heap is
#     placed in the first 4GB address space. The Java Heap base address is the
#     maximum limit for the native heap growth. Please use -XX:HeapBaseMinAddress
#     to set the Java Heap base and to place the Java Heap above 4GB virtual address.
# This output file may be truncated or incomplete.
#
#  Out of Memory Error (./open/src/hotspot/share/memory/arena.cpp:197), pid=13620, tid=26940
#
# JRE version: Java(TM) SE Runtime Environment 18.9 (11.0.14+8) (build 11.0.14+8-LTS-263)
# Java VM: Java HotSpot(TM) 64-Bit Server VM 18.9 (11.0.14+8-LTS-263, mixed mode, tiered, compressed oops, g1 gc, windows-amd64)
# No core dump will be written. Minidumps are not enabled by default on client versions of Windows
#

---------------  S U M M A R Y ------------

Command Line: C:\Users\SKANDE~1\AppData\Local\Temp\surefire14485195672225591808\surefirebooter13046068959527706039.jar C:\Users\Skander Boussorra\AppData\Local\Temp\surefire14485195672225591808 2022-06-02T13-57-20_899-jvmRun1 surefire13426982534865122425tmp surefire_011496525477526052529tmp

Host: 11th Gen Intel(R) Core(TM) i5-1135G7 @ 2.40GHz, 8 cores, 7G,  Windows 11 , 64 bit Build 22000 (10.0.22000.675)
Time: Thu Jun  2 13:57:33 2022 Afr. centrale Ouest elapsed time: 11.849035 seconds (0d 0h 0m 11s)

---------------  T H R E A D  ---------------

Current thread (0x000002a16cf26000):  JavaThread "C2 CompilerThread0" daemon [_thread_in_native, id=26940, stack(0x000000f64e800000,0x000000f64e900000)]


Current CompileTask:
C2:  11849 5059       4       java.net.URLStreamHandler::parseURL (1201 bytes)

Stack: [0x000000f64e800000,0x000000f64e900000]
Native frames: (J=compiled Java code, j=interpreted, Vv=VM code, C=native code)
V  [jvm.dll+0x6296da]
V  [jvm.dll+0x76323f]
V  [jvm.dll+0x7648e9]
V  [jvm.dll+0x764f73]
V  [jvm.dll+0x23d7c8]
V  [jvm.dll+0xb297c]
V  [jvm.dll+0xb2f3c]
V  [jvm.dll+0x340e52]
V  [jvm.dll+0x30e803]
V  [jvm.dll+0x30db4a]
V  [jvm.dll+0x1f8365]
V  [jvm.dll+0x1f754d]
V  [jvm.dll+0x177b21]
V  [jvm.dll+0x206e26]
V  [jvm.dll+0x204fbb]
V  [jvm.dll+0x729170]
V  [jvm.dll+0x721d44]
V  [jvm.dll+0x6285d6]
C  [ucrtbase.dll+0x26c0c]
C  [KERNEL32.DLL+0x154e0]
C  [ntdll.dll+0x485b]


---------------  P R O C E S S  ---------------

Threads class SMR info:
_java_thread_list=0x000002a16f135680, length=15, elements={
0x000002a14d25b000, 0x000002a16cf03000, 0x000002a16cf0c000, 0x000002a16cf21000,
0x000002a16cf24000, 0x000002a16cf25000, 0x000002a16cf26000, 0x000002a16cf27000,
0x000002a16cf2a000, 0x000002a16da53800, 0x000002a16dad3800, 0x000002a16dcfc800,
0x000002a16f315000, 0x000002a16d9a7000, 0x000002a1728ad000
}

Java Threads: ( => current thread )
  0x000002a14d25b000 JavaThread "main" [_thread_in_vm, id=23068, stack(0x000000f64dc00000,0x000000f64dd00000)]
  0x000002a16cf03000 JavaThread "Reference Handler" daemon [_thread_blocked, id=3240, stack(0x000000f64e300000,0x000000f64e400000)]
  0x000002a16cf0c000 JavaThread "Finalizer" daemon [_thread_blocked, id=10084, stack(0x000000f64e400000,0x000000f64e500000)]
  0x000002a16cf21000 JavaThread "Signal Dispatcher" daemon [_thread_blocked, id=21072, stack(0x000000f64e500000,0x000000f64e600000)]
  0x000002a16cf24000 JavaThread "Attach Listener" daemon [_thread_blocked, id=15564, stack(0x000000f64e600000,0x000000f64e700000)]
  0x000002a16cf25000 JavaThread "Service Thread" daemon [_thread_blocked, id=21012, stack(0x000000f64e700000,0x000000f64e800000)]
=>0x000002a16cf26000 JavaThread "C2 CompilerThread0" daemon [_thread_in_native, id=26940, stack(0x000000f64e800000,0x000000f64e900000)]
  0x000002a16cf27000 JavaThread "C1 CompilerThread0" daemon [_thread_blocked, id=14260, stack(0x000000f64e900000,0x000000f64ea00000)]
  0x000002a16cf2a000 JavaThread "Sweeper thread" daemon [_thread_blocked, id=1240, stack(0x000000f64ea00000,0x000000f64eb00000)]
  0x000002a16da53800 JavaThread "Common-Cleaner" daemon [_thread_blocked, id=28472, stack(0x000000f64ec00000,0x000000f64ed00000)]
  0x000002a16dad3800 JavaThread "surefire-forkedjvm-command-thread" daemon [_thread_in_native, id=28348, stack(0x000000f64ed00000,0x000000f64ee00000)]
  0x000002a16dcfc800 JavaThread "surefire-forkedjvm-ping-30s" daemon [_thread_in_native, id=22236, stack(0x000000f64ee00000,0x000000f64ef00000)]
  0x000002a16f315000 JavaThread "mysql-cj-abandoned-connection-cleanup" daemon [_thread_blocked, id=5540, stack(0x000000f64f100000,0x000000f64f200000)]
  0x000002a16d9a7000 JavaThread "HikariPool-1 housekeeper" daemon [_thread_blocked, id=27108, stack(0x000000f64f500000,0x000000f64f600000)]
  0x000002a1728ad000 JavaThread "HikariPool-1 connection adder" daemon [_thread_blocked, id=14380, stack(0x000000f64f600000,0x000000f64f700000)]

Other Threads:
  0x000002a16cf01800 VMThread "VM Thread" [stack: 0x000000f64e200000,0x000000f64e300000] [id=27548]
  0x000002a16da52800 WatcherThread [stack: 0x000000f64eb00000,0x000000f64ec00000] [id=20068]
  0x000002a14d26f800 GCTaskThread "GC Thread#0" [stack: 0x000000f64dd00000,0x000000f64de00000] [id=10168]
  0x000002a16ded8000 GCTaskThread "GC Thread#1" [stack: 0x000000f64ef00000,0x000000f64f000000] [id=27312]
  0x000002a16ef97800 GCTaskThread "GC Thread#2" [stack: 0x000000f64f200000,0x000000f64f300000] [id=21544]
  0x000002a16efe8800 GCTaskThread "GC Thread#3" [stack: 0x000000f64f300000,0x000000f64f400000] [id=15952]
  0x000002a14d29f000 ConcurrentGCThread "G1 Main Marker" [stack: 0x000000f64de00000,0x000000f64df00000] [id=12644]
  0x000002a14d2a1000 ConcurrentGCThread "G1 Conc#0" [stack: 0x000000f64df00000,0x000000f64e000000] [id=24848]
  0x000002a16ed47000 ConcurrentGCThread "G1 Conc#1" [stack: 0x000000f64f000000,0x000000f64f100000] [id=21500]
  0x000002a14d331000 ConcurrentGCThread "G1 Refine#0" [stack: 0x000000f64e000000,0x000000f64e100000] [id=28288]
  0x000002a14d332000 ConcurrentGCThread "G1 Young RemSet Sampling" [stack: 0x000000f64e100000,0x000000f64e200000] [id=16860]

Threads with active compile tasks:
C2 CompilerThread0  11884 5059       4       java.net.URLStreamHandler::parseURL (1201 bytes)

VM state:not at safepoint (normal execution)

VM Mutex/Monitor currently owned by a thread: None

Heap address: 0x0000000085200000, size: 1966 MB, Compressed Oops mode: 32-bit
Narrow klass base: 0x0000000000000000, Narrow klass shift: 3
Compressed class space size: 1073741824 Address: 0x0000000100000000

Heap:
 garbage-first heap   total 183296K, used 57573K [0x0000000085200000, 0x0000000100000000)
  region size 1024K, 34 young (34816K), 5 survivors (5120K)
 Metaspace       used 62537K, capacity 64036K, committed 64208K, reserved 1103872K
  class space    used 8253K, capacity 8873K, committed 8956K, reserved 1048576K
Heap Regions: E=young(eden), S=young(survivor), O=old, HS=humongous(starts), HC=humongous(continues), CS=collection set, F=free, A=archive, TAMS=top-at-mark-start (previous, next)
|   0|0x0000000085200000, 0x0000000085300000, 0x0000000085300000|100%| O|  |TAMS 0x0000000085300000, 0x0000000085200000| Untracked 
|   1|0x0000000085300000, 0x0000000085400000, 0x0000000085400000|100%|HS|  |TAMS 0x0000000085400000, 0x0000000085300000| Complete 
|   2|0x0000000085400000, 0x0000000085500000, 0x0000000085500000|100%| O|  |TAMS 0x0000000085500000, 0x0000000085400000| Untracked 
|   3|0x0000000085500000, 0x0000000085600000, 0x0000000085600000|100%| O|  |TAMS 0x0000000085600000, 0x0000000085500000| Untracked 
|   4|0x0000000085600000, 0x0000000085700000, 0x0000000085700000|100%| O|  |TAMS 0x0000000085700000, 0x0000000085600000| Untracked 
|   5|0x0000000085700000, 0x0000000085800000, 0x0000000085800000|100%| O|  |TAMS 0x0000000085800000, 0x0000000085700000| Untracked 
|   6|0x0000000085800000, 0x0000000085900000, 0x0000000085900000|100%| O|  |TAMS 0x0000000085900000, 0x0000000085800000| Untracked 
|   7|0x0000000085900000, 0x0000000085a00000, 0x0000000085a00000|100%| O|  |TAMS 0x0000000085a00000, 0x0000000085900000| Untracked 
|   8|0x0000000085a00000, 0x0000000085b00000, 0x0000000085b00000|100%| O|  |TAMS 0x0000000085b00000, 0x0000000085a00000| Untracked 
|   9|0x0000000085b00000, 0x0000000085c00000, 0x0000000085c00000|100%| O|  |TAMS 0x0000000085c00000, 0x0000000085b00000| Untracked 
|  10|0x0000000085c00000, 0x0000000085d00000, 0x0000000085d00000|100%| O|  |TAMS 0x0000000085d00000, 0x0000000085c00000| Untracked 
|  11|0x0000000085d00000, 0x0000000085e00000, 0x0000000085e00000|100%| O|  |TAMS 0x0000000085e00000, 0x0000000085d00000| Untracked 
|  12|0x0000000085e00000, 0x0000000085f00000, 0x0000000085f00000|100%| O|  |TAMS 0x0000000085f00000, 0x0000000085e00000| Untracked 
|  13|0x0000000085f00000, 0x0000000086000000, 0x0000000086000000|100%| O|  |TAMS 0x0000000086000000, 0x0000000085f00000| Untracked 
|  14|0x0000000086000000, 0x0000000086100000, 0x0000000086100000|100%| O|  |TAMS 0x0000000086100000, 0x0000000086000000| Untracked 
|  15|0x0000000086100000, 0x0000000086200000, 0x0000000086200000|100%| O|  |TAMS 0x0000000086200000, 0x0000000086100000| Untracked 
|  16|0x0000000086200000, 0x0000000086300000, 0x0000000086300000|100%| O|  |TAMS 0x0000000086300000, 0x0000000086200000| Untracked 
|  17|0x0000000086300000, 0x0000000086400000, 0x0000000086400000|100%| O|  |TAMS 0x0000000086400000, 0x0000000086300000| Untracked 
|  18|0x0000000086400000, 0x0000000086500000, 0x0000000086500000|100%| O|  |TAMS 0x0000000086500000, 0x0000000086400000| Untracked 
|  19|0x0000000086500000, 0x0000000086600000, 0x0000000086600000|100%| O|  |TAMS 0x0000000086600000, 0x0000000086500000| Untracked 
|  20|0x0000000086600000, 0x0000000086700000, 0x0000000086700000|100%| O|  |TAMS 0x0000000086700000, 0x0000000086600000| Untracked 
|  21|0x0000000086700000, 0x0000000086800000, 0x0000000086800000|100%| O|  |TAMS 0x0000000086800000, 0x0000000086700000| Untracked 
|  22|0x0000000086800000, 0x0000000086900000, 0x0000000086900000|100%| O|  |TAMS 0x0000000086900000, 0x0000000086800000| Untracked 
|  23|0x0000000086900000, 0x00000000869b9600, 0x0000000086a00000| 72%| O|  |TAMS 0x00000000869b9600, 0x0000000086900000| Untracked 
|  24|0x0000000086a00000, 0x0000000086a00000, 0x0000000086b00000|  0%| F|  |TAMS 0x0000000086a00000, 0x0000000086a00000| Untracked 
|  25|0x0000000086b00000, 0x0000000086b00000, 0x0000000086c00000|  0%| F|  |TAMS 0x0000000086b00000, 0x0000000086b00000| Untracked 
|  26|0x0000000086c00000, 0x0000000086c00000, 0x0000000086d00000|  0%| F|  |TAMS 0x0000000086c00000, 0x0000000086c00000| Untracked 
|  27|0x0000000086d00000, 0x0000000086d00000, 0x0000000086e00000|  0%| F|  |TAMS 0x0000000086d00000, 0x0000000086d00000| Untracked 
|  28|0x0000000086e00000, 0x0000000086e00000, 0x0000000086f00000|  0%| F|  |TAMS 0x0000000086e00000, 0x0000000086e00000| Untracked 
|  29|0x0000000086f00000, 0x0000000086f00000, 0x0000000087000000|  0%| F|  |TAMS 0x0000000086f00000, 0x0000000086f00000| Untracked 
|  30|0x0000000087000000, 0x0000000087000000, 0x0000000087100000|  0%| F|  |TAMS 0x0000000087000000, 0x0000000087000000| Untracked 
|  31|0x0000000087100000, 0x0000000087100000, 0x0000000087200000|  0%| F|  |TAMS 0x0000000087100000, 0x0000000087100000| Untracked 
|  32|0x0000000087200000, 0x0000000087200000, 0x0000000087300000|  0%| F|  |TAMS 0x0000000087200000, 0x0000000087200000| Untracked 
|  33|0x0000000087300000, 0x0000000087300000, 0x0000000087400000|  0%| F|  |TAMS 0x0000000087300000, 0x0000000087300000| Untracked 
|  34|0x0000000087400000, 0x0000000087400000, 0x0000000087500000|  0%| F|  |TAMS 0x0000000087400000, 0x0000000087400000| Untracked 
|  35|0x0000000087500000, 0x0000000087500000, 0x0000000087600000|  0%| F|  |TAMS 0x0000000087500000, 0x0000000087500000| Untracked 
|  36|0x0000000087600000, 0x0000000087600000, 0x0000000087700000|  0%| F|  |TAMS 0x0000000087600000, 0x0000000087600000| Untracked 
|  37|0x0000000087700000, 0x0000000087700000, 0x0000000087800000|  0%| F|  |TAMS 0x0000000087700000, 0x0000000087700000| Untracked 
|  38|0x0000000087800000, 0x0000000087800000, 0x0000000087900000|  0%| F|  |TAMS 0x0000000087800000, 0x0000000087800000| Untracked 
|  39|0x0000000087900000, 0x0000000087900000, 0x0000000087a00000|  0%| F|  |TAMS 0x0000000087900000, 0x0000000087900000| Untracked 
|  40|0x0000000087a00000, 0x0000000087a00000, 0x0000000087b00000|  0%| F|  |TAMS 0x0000000087a00000, 0x0000000087a00000| Untracked 
|  41|0x0000000087b00000, 0x0000000087b00000, 0x0000000087c00000|  0%| F|  |TAMS 0x0000000087b00000, 0x0000000087b00000| Untracked 
|  42|0x0000000087c00000, 0x0000000087c00000, 0x0000000087d00000|  0%| F|  |TAMS 0x0000000087c00000, 0x0000000087c00000| Untracked 
|  43|0x0000000087d00000, 0x0000000087d00000, 0x0000000087e00000|  0%| F|  |TAMS 0x0000000087d00000, 0x0000000087d00000| Untracked 
|  44|0x0000000087e00000, 0x0000000087e00000, 0x0000000087f00000|  0%| F|  |TAMS 0x0000000087e00000, 0x0000000087e00000| Untracked 
|  45|0x0000000087f00000, 0x0000000087f00000, 0x0000000088000000|  0%| F|  |TAMS 0x0000000087f00000, 0x0000000087f00000| Untracked 
|  46|0x0000000088000000, 0x0000000088000000, 0x0000000088100000|  0%| F|  |TAMS 0x0000000088000000, 0x0000000088000000| Untracked 
|  47|0x0000000088100000, 0x0000000088100000, 0x0000000088200000|  0%| F|  |TAMS 0x0000000088100000, 0x0000000088100000| Untracked 
|  48|0x0000000088200000, 0x0000000088200000, 0x0000000088300000|  0%| F|  |TAMS 0x0000000088200000, 0x0000000088200000| Untracked 
|  49|0x0000000088300000, 0x0000000088300000, 0x0000000088400000|  0%| F|  |TAMS 0x0000000088300000, 0x0000000088300000| Untracked 
|  50|0x0000000088400000, 0x0000000088400000, 0x0000000088500000|  0%| F|  |TAMS 0x0000000088400000, 0x0000000088400000| Untracked 
|  51|0x0000000088500000, 0x0000000088500000, 0x0000000088600000|  0%| F|  |TAMS 0x0000000088500000, 0x0000000088500000| Untracked 
|  52|0x0000000088600000, 0x0000000088600000, 0x0000000088700000|  0%| F|  |TAMS 0x0000000088600000, 0x0000000088600000| Untracked 
|  53|0x0000000088700000, 0x0000000088700000, 0x0000000088800000|  0%| F|  |TAMS 0x0000000088700000, 0x0000000088700000| Untracked 
|  54|0x0000000088800000, 0x0000000088800000, 0x0000000088900000|  0%| F|  |TAMS 0x0000000088800000, 0x0000000088800000| Untracked 
|  55|0x0000000088900000, 0x0000000088900000, 0x0000000088a00000|  0%| F|  |TAMS 0x0000000088900000, 0x0000000088900000| Untracked 
|  56|0x0000000088a00000, 0x0000000088a00000, 0x0000000088b00000|  0%| F|  |TAMS 0x0000000088a00000, 0x0000000088a00000| Untracked 
|  57|0x0000000088b00000, 0x0000000088b00000, 0x0000000088c00000|  0%| F|  |TAMS 0x0000000088b00000, 0x0000000088b00000| Untracked 
|  58|0x0000000088c00000, 0x0000000088c00000, 0x0000000088d00000|  0%| F|  |TAMS 0x0000000088c00000, 0x0000000088c00000| Untracked 
|  59|0x0000000088d00000, 0x0000000088d00000, 0x0000000088e00000|  0%| F|  |TAMS 0x0000000088d00000, 0x0000000088d00000| Untracked 
|  60|0x0000000088e00000, 0x0000000088e00000, 0x0000000088f00000|  0%| F|  |TAMS 0x0000000088e00000, 0x0000000088e00000| Untracked 
|  61|0x0000000088f00000, 0x0000000088f00000, 0x0000000089000000|  0%| F|  |TAMS 0x0000000088f00000, 0x0000000088f00000| Untracked 
|  62|0x0000000089000000, 0x0000000089000000, 0x0000000089100000|  0%| F|  |TAMS 0x0000000089000000, 0x0000000089000000| Untracked 
|  63|0x0000000089100000, 0x0000000089100000, 0x0000000089200000|  0%| F|  |TAMS 0x0000000089100000, 0x0000000089100000| Untracked 
|  64|0x0000000089200000, 0x0000000089200000, 0x0000000089300000|  0%| F|  |TAMS 0x0000000089200000, 0x0000000089200000| Untracked 
|  65|0x0000000089300000, 0x0000000089300000, 0x0000000089400000|  0%| F|  |TAMS 0x0000000089300000, 0x0000000089300000| Untracked 
|  66|0x0000000089400000, 0x0000000089400000, 0x0000000089500000|  0%| F|  |TAMS 0x0000000089400000, 0x0000000089400000| Untracked 
|  67|0x0000000089500000, 0x0000000089500000, 0x0000000089600000|  0%| F|  |TAMS 0x0000000089500000, 0x0000000089500000| Untracked 
|  68|0x0000000089600000, 0x0000000089600000, 0x0000000089700000|  0%| F|  |TAMS 0x0000000089600000, 0x0000000089600000| Untracked 
|  69|0x0000000089700000, 0x0000000089700000, 0x0000000089800000|  0%| F|  |TAMS 0x0000000089700000, 0x0000000089700000| Untracked 
|  70|0x0000000089800000, 0x0000000089800000, 0x0000000089900000|  0%| F|  |TAMS 0x0000000089800000, 0x0000000089800000| Untracked 
|  71|0x0000000089900000, 0x0000000089900000, 0x0000000089a00000|  0%| F|  |TAMS 0x0000000089900000, 0x0000000089900000| Untracked 
|  72|0x0000000089a00000, 0x0000000089a00000, 0x0000000089b00000|  0%| F|  |TAMS 0x0000000089a00000, 0x0000000089a00000| Untracked 
|  73|0x0000000089b00000, 0x0000000089b00000, 0x0000000089c00000|  0%| F|  |TAMS 0x0000000089b00000, 0x0000000089b00000| Untracked 
|  74|0x0000000089c00000, 0x0000000089c00000, 0x0000000089d00000|  0%| F|  |TAMS 0x0000000089c00000, 0x0000000089c00000| Untracked 
|  75|0x0000000089d00000, 0x0000000089d00000, 0x0000000089e00000|  0%| F|  |TAMS 0x0000000089d00000, 0x0000000089d00000| Untracked 
|  76|0x0000000089e00000, 0x0000000089e00000, 0x0000000089f00000|  0%| F|  |TAMS 0x0000000089e00000, 0x0000000089e00000| Untracked 
|  77|0x0000000089f00000, 0x0000000089f00000, 0x000000008a000000|  0%| F|  |TAMS 0x0000000089f00000, 0x0000000089f00000| Untracked 
|  78|0x000000008a000000, 0x000000008a000000, 0x000000008a100000|  0%| F|  |TAMS 0x000000008a000000, 0x000000008a000000| Untracked 
|  79|0x000000008a100000, 0x000000008a100000, 0x000000008a200000|  0%| F|  |TAMS 0x000000008a100000, 0x000000008a100000| Untracked 
|  80|0x000000008a200000, 0x000000008a200000, 0x000000008a300000|  0%| F|  |TAMS 0x000000008a200000, 0x000000008a200000| Untracked 
|  81|0x000000008a300000, 0x000000008a300000, 0x000000008a400000|  0%| F|  |TAMS 0x000000008a300000, 0x000000008a300000| Untracked 
|  82|0x000000008a400000, 0x000000008a400000, 0x000000008a500000|  0%| F|  |TAMS 0x000000008a400000, 0x000000008a400000| Untracked 
|  83|0x000000008a500000, 0x000000008a500000, 0x000000008a600000|  0%| F|  |TAMS 0x000000008a500000, 0x000000008a500000| Untracked 
|  84|0x000000008a600000, 0x000000008a600000, 0x000000008a700000|  0%| F|  |TAMS 0x000000008a600000, 0x000000008a600000| Untracked 
|  85|0x000000008a700000, 0x000000008a700000, 0x000000008a800000|  0%| F|  |TAMS 0x000000008a700000, 0x000000008a700000| Untracked 
|  86|0x000000008a800000, 0x000000008a800000, 0x000000008a900000|  0%| F|  |TAMS 0x000000008a800000, 0x000000008a800000| Untracked 
|  87|0x000000008a900000, 0x000000008a900000, 0x000000008aa00000|  0%| F|  |TAMS 0x000000008a900000, 0x000000008a900000| Untracked 
|  88|0x000000008aa00000, 0x000000008aa00000, 0x000000008ab00000|  0%| F|  |TAMS 0x000000008aa00000, 0x000000008aa00000| Untracked 
|  89|0x000000008ab00000, 0x000000008ab80000, 0x000000008ac00000| 50%| S|CS|TAMS 0x000000008ab00000, 0x000000008ab00000| Complete 
|  90|0x000000008ac00000, 0x000000008ad00000, 0x000000008ad00000|100%| S|CS|TAMS 0x000000008ac00000, 0x000000008ac00000| Complete 
|  91|0x000000008ad00000, 0x000000008ae00000, 0x000000008ae00000|100%| S|CS|TAMS 0x000000008ad00000, 0x000000008ad00000| Complete 
|  92|0x000000008ae00000, 0x000000008af00000, 0x000000008af00000|100%| S|CS|TAMS 0x000000008ae00000, 0x000000008ae00000| Complete 
|  93|0x000000008af00000, 0x000000008b000000, 0x000000008b000000|100%| S|CS|TAMS 0x000000008af00000, 0x000000008af00000| Complete 
|  94|0x000000008b000000, 0x000000008b000000, 0x000000008b100000|  0%| F|  |TAMS 0x000000008b000000, 0x000000008b000000| Untracked 
|  95|0x000000008b100000, 0x000000008b100000, 0x000000008b200000|  0%| F|  |TAMS 0x000000008b100000, 0x000000008b100000| Untracked 
|  96|0x000000008b200000, 0x000000008b200000, 0x000000008b300000|  0%| F|  |TAMS 0x000000008b200000, 0x000000008b200000| Untracked 
|  97|0x000000008b300000, 0x000000008b300000, 0x000000008b400000|  0%| F|  |TAMS 0x000000008b300000, 0x000000008b300000| Untracked 
|  98|0x000000008b400000, 0x000000008b400000, 0x000000008b500000|  0%| F|  |TAMS 0x000000008b400000, 0x000000008b400000| Untracked 
|  99|0x000000008b500000, 0x000000008b500000, 0x000000008b600000|  0%| F|  |TAMS 0x000000008b500000, 0x000000008b500000| Untracked 
| 100|0x000000008b600000, 0x000000008b600000, 0x000000008b700000|  0%| F|  |TAMS 0x000000008b600000, 0x000000008b600000| Untracked 
| 101|0x000000008b700000, 0x000000008b700000, 0x000000008b800000|  0%| F|  |TAMS 0x000000008b700000, 0x000000008b700000| Untracked 
| 102|0x000000008b800000, 0x000000008b800000, 0x000000008b900000|  0%| F|  |TAMS 0x000000008b800000, 0x000000008b800000| Untracked 
| 103|0x000000008b900000, 0x000000008b900000, 0x000000008ba00000|  0%| F|  |TAMS 0x000000008b900000, 0x000000008b900000| Untracked 
| 104|0x000000008ba00000, 0x000000008ba00000, 0x000000008bb00000|  0%| F|  |TAMS 0x000000008ba00000, 0x000000008ba00000| Untracked 
| 105|0x000000008bb00000, 0x000000008bb00000, 0x000000008bc00000|  0%| F|  |TAMS 0x000000008bb00000, 0x000000008bb00000| Untracked 
| 106|0x000000008bc00000, 0x000000008bc00000, 0x000000008bd00000|  0%| F|  |TAMS 0x000000008bc00000, 0x000000008bc00000| Untracked 
| 107|0x000000008bd00000, 0x000000008bd00000, 0x000000008be00000|  0%| F|  |TAMS 0x000000008bd00000, 0x000000008bd00000| Untracked 
| 108|0x000000008be00000, 0x000000008be00000, 0x000000008bf00000|  0%| F|  |TAMS 0x000000008be00000, 0x000000008be00000| Untracked 
| 109|0x000000008bf00000, 0x000000008bf00000, 0x000000008c000000|  0%| F|  |TAMS 0x000000008bf00000, 0x000000008bf00000| Untracked 
| 110|0x000000008c000000, 0x000000008c000000, 0x000000008c100000|  0%| F|  |TAMS 0x000000008c000000, 0x000000008c000000| Untracked 
| 111|0x000000008c100000, 0x000000008c100000, 0x000000008c200000|  0%| F|  |TAMS 0x000000008c100000, 0x000000008c100000| Untracked 
| 112|0x000000008c200000, 0x000000008c200000, 0x000000008c300000|  0%| F|  |TAMS 0x000000008c200000, 0x000000008c200000| Untracked 
| 113|0x000000008c300000, 0x000000008c300000, 0x000000008c400000|  0%| F|  |TAMS 0x000000008c300000, 0x000000008c300000| Untracked 
| 114|0x000000008c400000, 0x000000008c400000, 0x000000008c500000|  0%| F|  |TAMS 0x000000008c400000, 0x000000008c400000| Untracked 
| 115|0x000000008c500000, 0x000000008c500000, 0x000000008c600000|  0%| F|  |TAMS 0x000000008c500000, 0x000000008c500000| Untracked 
| 116|0x000000008c600000, 0x000000008c600000, 0x000000008c700000|  0%| F|  |TAMS 0x000000008c600000, 0x000000008c600000| Untracked 
| 117|0x000000008c700000, 0x000000008c700000, 0x000000008c800000|  0%| F|  |TAMS 0x000000008c700000, 0x000000008c700000| Untracked 
| 118|0x000000008c800000, 0x000000008c800000, 0x000000008c900000|  0%| F|  |TAMS 0x000000008c800000, 0x000000008c800000| Untracked 
| 119|0x000000008c900000, 0x000000008c900000, 0x000000008ca00000|  0%| F|  |TAMS 0x000000008c900000, 0x000000008c900000| Untracked 
| 120|0x000000008ca00000, 0x000000008ca00000, 0x000000008cb00000|  0%| F|  |TAMS 0x000000008ca00000, 0x000000008ca00000| Untracked 
| 121|0x000000008cb00000, 0x000000008cb00000, 0x000000008cc00000|  0%| F|  |TAMS 0x000000008cb00000, 0x000000008cb00000| Untracked 
| 122|0x000000008cc00000, 0x000000008cc00000, 0x000000008cd00000|  0%| F|  |TAMS 0x000000008cc00000, 0x000000008cc00000| Untracked 
| 123|0x000000008cd00000, 0x000000008cd00000, 0x000000008ce00000|  0%| F|  |TAMS 0x000000008cd00000, 0x000000008cd00000| Untracked 
| 124|0x000000008ce00000, 0x000000008ce00000, 0x000000008cf00000|  0%| F|  |TAMS 0x000000008ce00000, 0x000000008ce00000| Untracked 
| 125|0x000000008cf00000, 0x000000008cf00000, 0x000000008d000000|  0%| F|  |TAMS 0x000000008cf00000, 0x000000008cf00000| Untracked 
| 126|0x000000008d000000, 0x000000008d000000, 0x000000008d100000|  0%| F|  |TAMS 0x000000008d000000, 0x000000008d000000| Untracked 
| 127|0x000000008d100000, 0x000000008d100000, 0x000000008d200000|  0%| F|  |TAMS 0x000000008d100000, 0x000000008d100000| Untracked 
| 128|0x000000008d200000, 0x000000008d200000, 0x000000008d300000|  0%| F|  |TAMS 0x000000008d200000, 0x000000008d200000| Untracked 
| 129|0x000000008d300000, 0x000000008d300000, 0x000000008d400000|  0%| F|  |TAMS 0x000000008d300000, 0x000000008d300000| Untracked 
| 130|0x000000008d400000, 0x000000008d400000, 0x000000008d500000|  0%| F|  |TAMS 0x000000008d400000, 0x000000008d400000| Untracked 
| 131|0x000000008d500000, 0x000000008d500000, 0x000000008d600000|  0%| F|  |TAMS 0x000000008d500000, 0x000000008d500000| Untracked 
| 132|0x000000008d600000, 0x000000008d600000, 0x000000008d700000|  0%| F|  |TAMS 0x000000008d600000, 0x000000008d600000| Untracked 
| 133|0x000000008d700000, 0x000000008d700000, 0x000000008d800000|  0%| F|  |TAMS 0x000000008d700000, 0x000000008d700000| Untracked 
| 134|0x000000008d800000, 0x000000008d800000, 0x000000008d900000|  0%| F|  |TAMS 0x000000008d800000, 0x000000008d800000| Untracked 
| 135|0x000000008d900000, 0x000000008d900000, 0x000000008da00000|  0%| F|  |TAMS 0x000000008d900000, 0x000000008d900000| Untracked 
| 136|0x000000008da00000, 0x000000008da00000, 0x000000008db00000|  0%| F|  |TAMS 0x000000008da00000, 0x000000008da00000| Untracked 
| 137|0x000000008db00000, 0x000000008db00000, 0x000000008dc00000|  0%| F|  |TAMS 0x000000008db00000, 0x000000008db00000| Untracked 
| 138|0x000000008dc00000, 0x000000008dc00000, 0x000000008dd00000|  0%| F|  |TAMS 0x000000008dc00000, 0x000000008dc00000| Untracked 
| 139|0x000000008dd00000, 0x000000008dd00000, 0x000000008de00000|  0%| F|  |TAMS 0x000000008dd00000, 0x000000008dd00000| Untracked 
| 140|0x000000008de00000, 0x000000008de00000, 0x000000008df00000|  0%| F|  |TAMS 0x000000008de00000, 0x000000008de00000| Untracked 
| 141|0x000000008df00000, 0x000000008df00000, 0x000000008e000000|  0%| F|  |TAMS 0x000000008df00000, 0x000000008df00000| Untracked 
| 142|0x000000008e000000, 0x000000008e000000, 0x000000008e100000|  0%| F|  |TAMS 0x000000008e000000, 0x000000008e000000| Untracked 
| 143|0x000000008e100000, 0x000000008e100000, 0x000000008e200000|  0%| F|  |TAMS 0x000000008e100000, 0x000000008e100000| Untracked 
| 144|0x000000008e200000, 0x000000008e200000, 0x000000008e300000|  0%| F|  |TAMS 0x000000008e200000, 0x000000008e200000| Untracked 
| 145|0x000000008e300000, 0x000000008e300000, 0x000000008e400000|  0%| F|  |TAMS 0x000000008e300000, 0x000000008e300000| Untracked 
| 146|0x000000008e400000, 0x000000008e400000, 0x000000008e500000|  0%| F|  |TAMS 0x000000008e400000, 0x000000008e400000| Untracked 
| 147|0x000000008e500000, 0x000000008e500000, 0x000000008e600000|  0%| F|  |TAMS 0x000000008e500000, 0x000000008e500000| Untracked 
| 148|0x000000008e600000, 0x000000008e600000, 0x000000008e700000|  0%| F|  |TAMS 0x000000008e600000, 0x000000008e600000| Untracked 
| 149|0x000000008e700000, 0x000000008e700000, 0x000000008e800000|  0%| F|  |TAMS 0x000000008e700000, 0x000000008e700000| Untracked 
| 150|0x000000008e800000, 0x000000008e900000, 0x000000008e900000|100%| E|  |TAMS 0x000000008e800000, 0x000000008e800000| Complete 
| 151|0x000000008e900000, 0x000000008ea00000, 0x000000008ea00000|100%| E|CS|TAMS 0x000000008e900000, 0x000000008e900000| Complete 
| 152|0x000000008ea00000, 0x000000008eb00000, 0x000000008eb00000|100%| E|CS|TAMS 0x000000008ea00000, 0x000000008ea00000| Complete 
| 153|0x000000008eb00000, 0x000000008ec00000, 0x000000008ec00000|100%| E|CS|TAMS 0x000000008eb00000, 0x000000008eb00000| Complete 
| 154|0x000000008ec00000, 0x000000008ed00000, 0x000000008ed00000|100%| E|CS|TAMS 0x000000008ec00000, 0x000000008ec00000| Complete 
| 155|0x000000008ed00000, 0x000000008ee00000, 0x000000008ee00000|100%| E|CS|TAMS 0x000000008ed00000, 0x000000008ed00000| Complete 
| 156|0x000000008ee00000, 0x000000008ef00000, 0x000000008ef00000|100%| E|CS|TAMS 0x000000008ee00000, 0x000000008ee00000| Complete 
| 157|0x000000008ef00000, 0x000000008f000000, 0x000000008f000000|100%| E|CS|TAMS 0x000000008ef00000, 0x000000008ef00000| Complete 
| 158|0x000000008f000000, 0x000000008f100000, 0x000000008f100000|100%| E|CS|TAMS 0x000000008f000000, 0x000000008f000000| Complete 
| 159|0x000000008f100000, 0x000000008f200000, 0x000000008f200000|100%| E|CS|TAMS 0x000000008f100000, 0x000000008f100000| Complete 
| 160|0x000000008f200000, 0x000000008f300000, 0x000000008f300000|100%| E|CS|TAMS 0x000000008f200000, 0x000000008f200000| Complete 
| 161|0x000000008f300000, 0x000000008f400000, 0x000000008f400000|100%| E|CS|TAMS 0x000000008f300000, 0x000000008f300000| Complete 
| 162|0x000000008f400000, 0x000000008f500000, 0x000000008f500000|100%| E|CS|TAMS 0x000000008f400000, 0x000000008f400000| Complete 
| 163|0x000000008f500000, 0x000000008f600000, 0x000000008f600000|100%| E|CS|TAMS 0x000000008f500000, 0x000000008f500000| Complete 
| 164|0x000000008f600000, 0x000000008f700000, 0x000000008f700000|100%| E|CS|TAMS 0x000000008f600000, 0x000000008f600000| Complete 
| 165|0x000000008f700000, 0x000000008f800000, 0x000000008f800000|100%| E|CS|TAMS 0x000000008f700000, 0x000000008f700000| Complete 
| 166|0x000000008f800000, 0x000000008f900000, 0x000000008f900000|100%| E|CS|TAMS 0x000000008f800000, 0x000000008f800000| Complete 
| 167|0x000000008f900000, 0x000000008fa00000, 0x000000008fa00000|100%| E|CS|TAMS 0x000000008f900000, 0x000000008f900000| Complete 
| 168|0x000000008fa00000, 0x000000008fb00000, 0x000000008fb00000|100%| E|CS|TAMS 0x000000008fa00000, 0x000000008fa00000| Complete 
| 169|0x000000008fb00000, 0x000000008fc00000, 0x000000008fc00000|100%| E|CS|TAMS 0x000000008fb00000, 0x000000008fb00000| Complete 
| 170|0x000000008fc00000, 0x000000008fd00000, 0x000000008fd00000|100%| E|CS|TAMS 0x000000008fc00000, 0x000000008fc00000| Complete 
| 171|0x000000008fd00000, 0x000000008fe00000, 0x000000008fe00000|100%| E|CS|TAMS 0x000000008fd00000, 0x000000008fd00000| Complete 
| 172|0x000000008fe00000, 0x000000008ff00000, 0x000000008ff00000|100%| E|CS|TAMS 0x000000008fe00000, 0x000000008fe00000| Complete 
| 173|0x000000008ff00000, 0x0000000090000000, 0x0000000090000000|100%| E|CS|TAMS 0x000000008ff00000, 0x000000008ff00000| Complete 
| 174|0x0000000090000000, 0x0000000090100000, 0x0000000090100000|100%| E|CS|TAMS 0x0000000090000000, 0x0000000090000000| Complete 
| 175|0x0000000090100000, 0x0000000090200000, 0x0000000090200000|100%| E|CS|TAMS 0x0000000090100000, 0x0000000090100000| Complete 
| 176|0x0000000090200000, 0x0000000090300000, 0x0000000090300000|100%| E|CS|TAMS 0x0000000090200000, 0x0000000090200000| Complete 
| 177|0x0000000090300000, 0x0000000090400000, 0x0000000090400000|100%| E|CS|TAMS 0x0000000090300000, 0x0000000090300000| Complete 
| 178|0x0000000090400000, 0x0000000090500000, 0x0000000090500000|100%| E|CS|TAMS 0x0000000090400000, 0x0000000090400000| Complete 

Card table byte_map: [0x000002a165f00000,0x000002a1662e0000] _byte_map_base: 0x000002a165ad7000

Marking Bits (Prev, Next): (CMBitMap*) 0x000002a14d296470, (CMBitMap*) 0x000002a14d296438
 Prev Bits: [0x000002a168580000, 0x000002a16a438000)
 Next Bits: [0x000002a1666c0000, 0x000002a168578000)

Polling page: 0x000002a14eaf0000

Metaspace:

Usage:
  Non-class:     53.88 MB capacity,    53.03 MB ( 98%) used,   670.98 KB (  1%) free+waste,   192.56 KB ( <1%) overhead. 
      Class:      8.67 MB capacity,     8.06 MB ( 93%) used,   524.81 KB (  6%) free+waste,    96.06 KB (  1%) overhead. 
       Both:     62.55 MB capacity,    61.10 MB ( 98%) used,     1.17 MB (  2%) free+waste,   288.63 KB ( <1%) overhead. 

Virtual space:
  Non-class space:       54.00 MB reserved,      53.96 MB (>99%) committed 
      Class space:        1.00 GB reserved,       8.75 MB ( <1%) committed 
             Both:        1.05 GB reserved,      62.70 MB (  6%) committed 

Chunk freelists:
   Non-Class:  2.25 KB
       Class:  0 bytes
        Both:  2.25 KB

CodeHeap 'non-profiled nmethods': size=120000Kb used=2431Kb max_used=2431Kb free=117568Kb
 bounds [0x000002a15db80000, 0x000002a15ddf0000, 0x000002a1650b0000]
CodeHeap 'profiled nmethods': size=120000Kb used=11051Kb max_used=11051Kb free=108949Kb
 bounds [0x000002a156650000, 0x000002a157120000, 0x000002a15db80000]
CodeHeap 'non-nmethods': size=5760Kb used=1229Kb max_used=1272Kb free=4530Kb
 bounds [0x000002a1560b0000, 0x000002a156320000, 0x000002a156650000]
 total_blobs=5675 nmethods=5088 adapters=498
 compilation: enabled
              stopped_count=0, restarted_count=0
 full_count=0

Compilation events (10 events):
Event: 11.844 Thread 0x000002a16cf27000 nmethod 5117 0x000002a157110010 code [0x000002a1571101c0, 0x000002a157110308]
Event: 11.844 Thread 0x000002a16cf27000 5119       3       com.sun.org.apache.xerces.internal.utils.XMLLimitAnalyzer::getTotalValue (7 bytes)
Event: 11.844 Thread 0x000002a16cf27000 nmethod 5119 0x000002a157110410 code [0x000002a1571105a0, 0x000002a1571106d8]
Event: 11.844 Thread 0x000002a16cf27000 5120       3       com.sun.org.apache.xerces.internal.impl.XMLEntityScanner::scanChar (265 bytes)
Event: 11.845 Thread 0x000002a16cf27000 nmethod 5120 0x000002a157110790 code [0x000002a157110980, 0x000002a157110f38]
Event: 11.846 Thread 0x000002a16cf27000 5121       1       com.sun.org.apache.xerces.internal.util.XMLAttributesImpl::getLength (5 bytes)
Event: 11.846 Thread 0x000002a16cf27000 nmethod 5121 0x000002a15dddd890 code [0x000002a15dddda20, 0x000002a15ddddad8]
Event: 11.846 Thread 0x000002a16cf27000 5122       3       com.sun.org.apache.xerces.internal.impl.XMLEntityScanner::peekChar (63 bytes)
Event: 11.847 Thread 0x000002a16cf27000 nmethod 5122 0x000002a157111190 code [0x000002a157111340, 0x000002a1571115c8]
Event: 11.847 Thread 0x000002a16cf27000 5123       3       com.sun.org.apache.xerces.internal.util.XMLChar::isNameStart (22 bytes)

GC Heap History (10 events):
Event: 4.196 GC heap before
{Heap before GC invocations=6 (full 0):
 garbage-first heap   total 126976K, used 75021K [0x0000000085200000, 0x0000000100000000)
  region size 1024K, 63 young (64512K), 6 survivors (6144K)
 Metaspace       used 34822K, capacity 35846K, committed 35964K, reserved 1081344K
  class space    used 4183K, capacity 4626K, committed 4732K, reserved 1048576K
}
Event: 4.207 GC heap after
{Heap after GC invocations=7 (full 0):
 garbage-first heap   total 152576K, used 18627K [0x0000000085200000, 0x0000000100000000)
  region size 1024K, 6 young (6144K), 6 survivors (6144K)
 Metaspace       used 34822K, capacity 35846K, committed 35964K, reserved 1081344K
  class space    used 4183K, capacity 4626K, committed 4732K, reserved 1048576K
}
Event: 6.407 GC heap before
{Heap before GC invocations=8 (full 0):
 garbage-first heap   total 152576K, used 103619K [0x0000000085200000, 0x0000000100000000)
  region size 1024K, 89 young (91136K), 6 survivors (6144K)
 Metaspace       used 41262K, capacity 42489K, committed 42620K, reserved 1085440K
  class space    used 5190K, capacity 5702K, committed 5756K, reserved 1048576K
}
Event: 6.420 GC heap after
{Heap after GC invocations=9 (full 0):
 garbage-first heap   total 152576K, used 22038K [0x0000000085200000, 0x0000000100000000)
  region size 1024K, 9 young (9216K), 9 survivors (9216K)
 Metaspace       used 41262K, capacity 42489K, committed 42620K, reserved 1085440K
  class space    used 5190K, capacity 5702K, committed 5756K, reserved 1048576K
}
Event: 7.588 GC heap before
{Heap before GC invocations=9 (full 0):
 garbage-first heap   total 152576K, used 103958K [0x0000000085200000, 0x0000000100000000)
  region size 1024K, 89 young (91136K), 9 survivors (9216K)
 Metaspace       used 46014K, capacity 47315K, committed 47484K, reserved 1089536K
  class space    used 5882K, capacity 6457K, committed 6524K, reserved 1048576K
}
Event: 7.600 GC heap after
{Heap after GC invocations=10 (full 0):
 garbage-first heap   total 152576K, used 24986K [0x0000000085200000, 0x0000000100000000)
  region size 1024K, 9 young (9216K), 9 survivors (9216K)
 Metaspace       used 46014K, capacity 47315K, committed 47484K, reserved 1089536K
  class space    used 5882K, capacity 6457K, committed 6524K, reserved 1048576K
}
Event: 9.807 GC heap before
{Heap before GC invocations=10 (full 0):
 garbage-first heap   total 152576K, used 106906K [0x0000000085200000, 0x0000000100000000)
  region size 1024K, 89 young (91136K), 9 survivors (9216K)
 Metaspace       used 54211K, capacity 55622K, committed 55804K, reserved 1097728K
  class space    used 7010K, capacity 7608K, committed 7676K, reserved 1048576K
}
Event: 9.832 GC heap after
{Heap after GC invocations=11 (full 0):
 garbage-first heap   total 152576K, used 28394K [0x0000000085200000, 0x0000000100000000)
  region size 1024K, 10 young (10240K), 10 survivors (10240K)
 Metaspace       used 54211K, capacity 55622K, committed 55804K, reserved 1097728K
  class space    used 7010K, capacity 7608K, committed 7676K, reserved 1048576K
}
Event: 10.999 GC heap before
{Heap before GC invocations=11 (full 0):
 garbage-first heap   total 152576K, used 83690K [0x0000000085200000, 0x0000000100000000)
  region size 1024K, 65 young (66560K), 10 survivors (10240K)
 Metaspace       used 58726K, capacity 60169K, committed 60368K, reserved 1101824K
  class space    used 7724K, capacity 8328K, committed 8444K, reserved 1048576K
}
Event: 11.016 GC heap after
{Heap after GC invocations=12 (full 0):
 garbage-first heap   total 183296K, used 28901K [0x0000000085200000, 0x0000000100000000)
  region size 1024K, 5 young (5120K), 5 survivors (5120K)
 Metaspace       used 58726K, capacity 60169K, committed 60368K, reserved 1101824K
  class space    used 7724K, capacity 8328K, committed 8444K, reserved 1048576K
}

Deoptimization events (10 events):
Event: 7.113 Thread 0x000002a14d25b000 Uncommon trap: reason=null_check action=make_not_entrant pc=0x000002a15dcef624 method=org.springframework.beans.factory.support.DefaultListableBeanFactory.getBeanDefinition(Ljava/lang/String;)Lorg/springframework/beans/factory/config/BeanDefinition; @ 10 
Event: 8.725 Thread 0x000002a14d25b000 Uncommon trap: reason=unstable_if action=reinterpret pc=0x000002a15dc5939c method=java.nio.Buffer.position(I)Ljava/nio/Buffer; @ 37 c2
Event: 8.727 Thread 0x000002a14d25b000 Uncommon trap: reason=unstable_if action=reinterpret pc=0x000002a15dc39e9c method=java.nio.Buffer.position(I)Ljava/nio/Buffer; @ 37 c2
Event: 9.209 Thread 0x000002a1728ad000 Uncommon trap: reason=unstable_if action=reinterpret pc=0x000002a15dc58bfc method=java.util.LinkedHashMap.get(Ljava/lang/Object;)Ljava/lang/Object; @ 20 c2
Event: 9.358 Thread 0x000002a14d25b000 Uncommon trap: reason=profile_predicate action=maybe_recompile pc=0x000002a15dd98e5c method=java.lang.PublicMethods$MethodList.filter([Ljava/lang/reflect/Method;Ljava/lang/String;[Ljava/lang/Class;Z)Ljava/lang/PublicMethods$MethodList; @ 21 c2
Event: 9.358 Thread 0x000002a14d25b000 Uncommon trap: reason=profile_predicate action=maybe_recompile pc=0x000002a15dd98e5c method=java.lang.PublicMethods$MethodList.filter([Ljava/lang/reflect/Method;Ljava/lang/String;[Ljava/lang/Class;Z)Ljava/lang/PublicMethods$MethodList; @ 21 c2
Event: 9.358 Thread 0x000002a14d25b000 Uncommon trap: reason=profile_predicate action=maybe_recompile pc=0x000002a15dd98e5c method=java.lang.PublicMethods$MethodList.filter([Ljava/lang/reflect/Method;Ljava/lang/String;[Ljava/lang/Class;Z)Ljava/lang/PublicMethods$MethodList; @ 21 c2
Event: 9.358 Thread 0x000002a14d25b000 Uncommon trap: reason=profile_predicate action=maybe_recompile pc=0x000002a15dd98e5c method=java.lang.PublicMethods$MethodList.filter([Ljava/lang/reflect/Method;Ljava/lang/String;[Ljava/lang/Class;Z)Ljava/lang/PublicMethods$MethodList; @ 21 c2
Event: 9.475 Thread 0x000002a14d25b000 Uncommon trap: reason=predicate action=maybe_recompile pc=0x000002a15dd9639c method=java.util.TreeMap.getEntry(Ljava/lang/Object;)Ljava/util/TreeMap$Entry; @ 36 c2
Event: 11.744 Thread 0x000002a14d25b000 Uncommon trap: reason=unstable_if action=reinterpret pc=0x000002a15dbbf774 method=java.lang.AbstractStringBuilder.append(Ljava/lang/String;)Ljava/lang/AbstractStringBuilder; @ 1 c2

Classes redefined (0 events):
No events

Internal exceptions (10 events):
Event: 11.605 Thread 0x000002a14d25b000 Exception <a 'java/lang/ClassNotFoundException'{0x000000008ed012e8}: io/order/manager/food/order/manager/mappers/CategoryMapperCustomizer> (0x000000008ed012e8) thrown at [./open/src/hotspot/share/classfile/systemDictionary.cpp, line 226]
Event: 11.682 Thread 0x000002a14d25b000 Exception <a 'java/lang/ClassNotFoundException'{0x000000008ecf37e0}: java/lang/ObjectCustomizer> (0x000000008ecf37e0) thrown at [./open/src/hotspot/share/classfile/systemDictionary.cpp, line 226]
Event: 11.683 Thread 0x000002a14d25b000 Exception <a 'java/lang/ClassNotFoundException'{0x000000008eb0ebc8}: org/modelmapper/ModelMapperCustomizer> (0x000000008eb0ebc8) thrown at [./open/src/hotspot/share/classfile/systemDictionary.cpp, line 226]
Event: 11.690 Thread 0x000002a14d25b000 Exception <a 'java/lang/ClassNotFoundException'{0x000000008eb4c368}: java/lang/ObjectCustomizer> (0x000000008eb4c368) thrown at [./open/src/hotspot/share/classfile/systemDictionary.cpp, line 226]
Event: 11.691 Thread 0x000002a14d25b000 Exception <a 'java/lang/ClassNotFoundException'{0x000000008eb6f290}: io/order/manager/food/order/manager/mappers/FoodOrderMapperCustomizer> (0x000000008eb6f290) thrown at [./open/src/hotspot/share/classfile/systemDictionary.cpp, line 226]
Event: 11.695 Thread 0x000002a14d25b000 Exception <a 'java/lang/ClassNotFoundException'{0x000000008eb7ba38}: java/lang/ObjectCustomizer> (0x000000008eb7ba38) thrown at [./open/src/hotspot/share/classfile/systemDictionary.cpp, line 226]
Event: 11.696 Thread 0x000002a14d25b000 Exception <a 'java/lang/ClassNotFoundException'{0x000000008eb9d408}: io/order/manager/food/order/manager/mappers/UserMapperCustomizer> (0x000000008eb9d408) thrown at [./open/src/hotspot/share/classfile/systemDictionary.cpp, line 226]
Event: 11.708 Thread 0x000002a14d25b000 Exception <a 'java/lang/ClassNotFoundException'{0x000000008ea0ed00}: java/lang/ObjectCustomizer> (0x000000008ea0ed00) thrown at [./open/src/hotspot/share/classfile/systemDictionary.cpp, line 226]
Event: 11.709 Thread 0x000002a14d25b000 Exception <a 'java/lang/ClassNotFoundException'{0x000000008ea33988}: io/order/manager/food/order/manager/ressources/CategoryRessourcesCustomizer> (0x000000008ea33988) thrown at [./open/src/hotspot/share/classfile/systemDictionary.cpp, line 226]
Event: 11.744 Thread 0x000002a14d25b000 Implicit null exception at 0x000002a15dbbf0f4 to 0x000002a15dbbf75c

Events (10 events):
Event: 11.840 loading class com/sun/org/apache/xerces/internal/impl/dtd/models/CMNode done
Event: 11.841 loading class com/sun/org/apache/xerces/internal/impl/dtd/models/CMBinOp done
Event: 11.841 loading class com/sun/org/apache/xerces/internal/impl/dtd/models/CMUniOp
Event: 11.841 loading class com/sun/org/apache/xerces/internal/impl/dtd/models/CMUniOp done
Event: 11.841 loading class com/sun/org/apache/xerces/internal/impl/dtd/models/CMLeaf
Event: 11.841 loading class com/sun/org/apache/xerces/internal/impl/dtd/models/CMLeaf done
Event: 11.842 loading class com/sun/org/apache/xerces/internal/impl/dtd/models/DFAContentModel
Event: 11.842 loading class com/sun/org/apache/xerces/internal/impl/dtd/models/DFAContentModel done
Event: 11.842 loading class com/sun/org/apache/xerces/internal/impl/dtd/models/CMStateSet
Event: 11.843 loading class com/sun/org/apache/xerces/internal/impl/dtd/models/CMStateSet done


Dynamic libraries:
0x00007ff70ce60000 - 0x00007ff70ce6f000 	C:\Program Files\Java\jdk-11.0.14\bin\java.exe
0x00007ffb72b40000 - 0x00007ffb72d49000 	C:\WINDOWS\SYSTEM32\ntdll.dll
0x00007ffb71330000 - 0x00007ffb713ed000 	C:\WINDOWS\System32\KERNEL32.DLL
0x00007ffb700a0000 - 0x00007ffb70419000 	C:\WINDOWS\System32\KERNELBASE.dll
0x00007ffb70840000 - 0x00007ffb70951000 	C:\WINDOWS\System32\ucrtbase.dll
0x00007ffb65fe0000 - 0x00007ffb65ff8000 	C:\Program Files\Java\jdk-11.0.14\bin\jli.dll
0x00007ffb70c20000 - 0x00007ffb70cce000 	C:\WINDOWS\System32\ADVAPI32.dll
0x00007ffb66000000 - 0x00007ffb66015000 	C:\Program Files\Java\jdk-11.0.14\bin\VCRUNTIME140.dll
0x00007ffb722b0000 - 0x00007ffb72353000 	C:\WINDOWS\System32\msvcrt.dll
0x00007ffb70b80000 - 0x00007ffb70c1e000 	C:\WINDOWS\System32\sechost.dll
0x00007ffb72360000 - 0x00007ffb72480000 	C:\WINDOWS\System32\RPCRT4.dll
0x00007ffb70cd0000 - 0x00007ffb70e7c000 	C:\WINDOWS\System32\USER32.dll
0x00007ffb70420000 - 0x00007ffb70446000 	C:\WINDOWS\System32\win32u.dll
0x00007ffb53c20000 - 0x00007ffb53ec5000 	C:\WINDOWS\WinSxS\amd64_microsoft.windows.common-controls_6595b64144ccf1df_6.0.22000.120_none_9d947278b86cc467\COMCTL32.dll
0x00007ffb70ef0000 - 0x00007ffb70f19000 	C:\WINDOWS\System32\GDI32.dll
0x00007ffb70450000 - 0x00007ffb70562000 	C:\WINDOWS\System32\gdi32full.dll
0x00007ffb70570000 - 0x00007ffb7060d000 	C:\WINDOWS\System32\msvcp_win.dll
0x00007ffb630b0000 - 0x00007ffb630ba000 	C:\WINDOWS\SYSTEM32\VERSION.dll
0x00007ffb70f90000 - 0x00007ffb70fc1000 	C:\WINDOWS\System32\IMM32.DLL
0x00007ffb2eb40000 - 0x00007ffb2ebdb000 	C:\Program Files\Java\jdk-11.0.14\bin\msvcp140.dll
0x00007ffb18c60000 - 0x00007ffb19776000 	C:\Program Files\Java\jdk-11.0.14\bin\server\jvm.dll
0x00007ffb722a0000 - 0x00007ffb722a8000 	C:\WINDOWS\System32\PSAPI.DLL
0x00007ffb51a60000 - 0x00007ffb51a69000 	C:\WINDOWS\SYSTEM32\WSOCK32.dll
0x00007ffb70e80000 - 0x00007ffb70eef000 	C:\WINDOWS\System32\WS2_32.dll
0x00007ffb65be0000 - 0x00007ffb65c13000 	C:\WINDOWS\SYSTEM32\WINMM.dll
0x00007ffb6f170000 - 0x00007ffb6f188000 	C:\WINDOWS\SYSTEM32\kernel.appcore.dll
0x00007ffb44e40000 - 0x00007ffb44e50000 	C:\Program Files\Java\jdk-11.0.14\bin\verify.dll
0x00007ffb6db20000 - 0x00007ffb6dd41000 	C:\WINDOWS\SYSTEM32\DBGHELP.DLL
0x00007ffb52c70000 - 0x00007ffb52ca1000 	C:\WINDOWS\SYSTEM32\dbgcore.DLL
0x00007ffb70960000 - 0x00007ffb709df000 	C:\WINDOWS\System32\bcryptPrimitives.dll
0x00007ffb304c0000 - 0x00007ffb304e8000 	C:\Program Files\Java\jdk-11.0.14\bin\java.dll
0x00007ffb42910000 - 0x00007ffb4291a000 	C:\Program Files\Java\jdk-11.0.14\bin\jimage.dll
0x00007ffb304a0000 - 0x00007ffb304b6000 	C:\Program Files\Java\jdk-11.0.14\bin\zip.dll
0x00007ffb715c0000 - 0x00007ffb71d6f000 	C:\WINDOWS\System32\SHELL32.dll
0x00007ffb6e160000 - 0x00007ffb6e9c8000 	C:\WINDOWS\SYSTEM32\windows.storage.dll
0x00007ffb72480000 - 0x00007ffb727f8000 	C:\WINDOWS\System32\combase.dll
0x00007ffb6dff0000 - 0x00007ffb6e156000 	C:\WINDOWS\SYSTEM32\wintypes.dll
0x00007ffb728c0000 - 0x00007ffb729aa000 	C:\WINDOWS\System32\SHCORE.dll
0x00007ffb72240000 - 0x00007ffb7229d000 	C:\WINDOWS\System32\shlwapi.dll
0x00007ffb6ff60000 - 0x00007ffb6ff81000 	C:\WINDOWS\SYSTEM32\profapi.dll
0x00007ffb2eb20000 - 0x00007ffb2eb39000 	C:\Program Files\Java\jdk-11.0.14\bin\net.dll
0x00007ffb66e50000 - 0x00007ffb66f5c000 	C:\WINDOWS\SYSTEM32\WINHTTP.dll
0x00007ffb6f5e0000 - 0x00007ffb6f647000 	C:\WINDOWS\system32\mswsock.dll
0x00007ffb2eb00000 - 0x00007ffb2eb12000 	C:\Program Files\Java\jdk-11.0.14\bin\nio.dll
0x00007ffb58820000 - 0x00007ffb58829000 	C:\Program Files\Java\jdk-11.0.14\bin\management.dll
0x00007ffb58810000 - 0x00007ffb5881b000 	C:\Program Files\Java\jdk-11.0.14\bin\management_ext.dll
0x00007ffb6ec10000 - 0x00007ffb6ec3d000 	C:\WINDOWS\SYSTEM32\IPHLPAPI.DLL
0x00007ffb70f80000 - 0x00007ffb70f89000 	C:\WINDOWS\System32\NSI.dll
0x00007ffb653a0000 - 0x00007ffb653b9000 	C:\WINDOWS\SYSTEM32\dhcpcsvc6.DLL
0x00007ffb663a0000 - 0x00007ffb663be000 	C:\WINDOWS\SYSTEM32\dhcpcsvc.DLL
0x00007ffb6ec40000 - 0x00007ffb6ed28000 	C:\WINDOWS\SYSTEM32\DNSAPI.dll
0x00007ffb62c60000 - 0x00007ffb62c6a000 	C:\Windows\System32\rasadhlp.dll
0x00007ffb62bd0000 - 0x00007ffb62c51000 	C:\WINDOWS\System32\fwpuclnt.dll
0x00007ffb469c0000 - 0x00007ffb469d7000 	C:\WINDOWS\system32\napinsp.dll
0x00007ffb469a0000 - 0x00007ffb469bb000 	C:\WINDOWS\system32\pnrpnsp.dll
0x00007ffb46960000 - 0x00007ffb46972000 	C:\WINDOWS\System32\winrnr.dll
0x00007ffb46940000 - 0x00007ffb46955000 	C:\WINDOWS\system32\wshbth.dll
0x00007ffb46420000 - 0x00007ffb4643f000 	C:\WINDOWS\system32\nlansp_c.dll
0x00007ffb6f8a0000 - 0x00007ffb6f8b8000 	C:\WINDOWS\SYSTEM32\CRYPTSP.dll
0x00007ffb6f0d0000 - 0x00007ffb6f105000 	C:\WINDOWS\system32\rsaenh.dll
0x00007ffb6f740000 - 0x00007ffb6f769000 	C:\WINDOWS\SYSTEM32\USERENV.dll
0x00007ffb6fa10000 - 0x00007ffb6fa37000 	C:\WINDOWS\SYSTEM32\bcrypt.dll
0x00007ffb6f890000 - 0x00007ffb6f89c000 	C:\WINDOWS\SYSTEM32\CRYPTBASE.dll

dbghelp: loaded successfully - version: 4.0.5 - missing functions: none
symbol engine: initialized successfully - sym options: 0x614 - pdb path: .;C:\Program Files\Java\jdk-11.0.14\bin;C:\WINDOWS\SYSTEM32;C:\WINDOWS\WinSxS\amd64_microsoft.windows.common-controls_6595b64144ccf1df_6.0.22000.120_none_9d947278b86cc467;C:\Program Files\Java\jdk-11.0.14\bin\server

VM Arguments:
java_command: C:\Users\SKANDE~1\AppData\Local\Temp\surefire14485195672225591808\surefirebooter13046068959527706039.jar C:\Users\Skander Boussorra\AppData\Local\Temp\surefire14485195672225591808 2022-06-02T13-57-20_899-jvmRun1 surefire13426982534865122425tmp surefire_011496525477526052529tmp
java_class_path (initial): C:\Users\SKANDE~1\AppData\Local\Temp\surefire14485195672225591808\surefirebooter13046068959527706039.jar
Launcher Type: SUN_STANDARD

[Global flags]
     intx CICompilerCount                          = 4                                         {product} {ergonomic}
     uint ConcGCThreads                            = 2                                         {product} {ergonomic}
     uint G1ConcRefinementThreads                  = 8                                         {product} {ergonomic}
   size_t G1HeapRegionSize                         = 1048576                                   {product} {ergonomic}
    uintx GCDrainStackTargetSize                   = 64                                        {product} {ergonomic}
   size_t InitialHeapSize                          = 130023424                                 {product} {ergonomic}
   size_t MarkStackSize                            = 4194304                                   {product} {ergonomic}
   size_t MaxHeapSize                              = 2061500416                                {product} {ergonomic}
   size_t MaxNewSize                               = 1236271104                                {product} {ergonomic}
   size_t MinHeapDeltaBytes                        = 1048576                                   {product} {ergonomic}
    uintx NonNMethodCodeHeapSize                   = 5836300                                {pd product} {ergonomic}
    uintx NonProfiledCodeHeapSize                  = 122910970                              {pd product} {ergonomic}
    uintx ProfiledCodeHeapSize                     = 122910970                              {pd product} {ergonomic}
    uintx ReservedCodeCacheSize                    = 251658240                              {pd product} {ergonomic}
     bool SegmentedCodeCache                       = true                                      {product} {ergonomic}
     bool UseCompressedClassPointers               = true                                 {lp64_product} {ergonomic}
     bool UseCompressedOops                        = true                                 {lp64_product} {ergonomic}
     bool UseG1GC                                  = true                                      {product} {ergonomic}
     bool UseLargePagesIndividualAllocation        = false                                  {pd product} {ergonomic}

Logging:
Log output configuration:
 #0: stdout all=warning uptime,level,tags
 #1: stderr all=off uptime,level,tags

Environment Variables:
JAVA_HOME=C:\Program Files\Java\jdk-11.0.14
PATH=C:\oraclexe\app\oracle\product\10.2.0\server\bin;C:\Program Files (x86)\VMware\VMware Workstation\bin\;C:\WINDOWS\system32;C:\WINDOWS;C:\WINDOWS\System32\Wbem;C:\WINDOWS\System32\WindowsPowerShell\v1.0\;C:\WINDOWS\System32\OpenSSH\;C:\Program Files (x86)\Common Files\PCXTools;C:\Program Files\PuTTY\;C:\Program Files\Docker\Docker\resources\bin;C:\ProgramData\DockerDesktop\version-bin;C:\Program Files\Git\cmd;C:\Users\Skander Boussorra\AppData\Local\Microsoft\WindowsApps;C:\Program Files\JetBrains\IntelliJ IDEA 2022.1\bin;;C:\apache-maven-3.8.5\bin;C:\Program Files\Java\jdk-11.0.14\bin;C:\Program Files\apache-maven-3.5.0\bin;
USERNAME=Skander Boussorra
OS=Windows_NT
PROCESSOR_IDENTIFIER=Intel64 Family 6 Model 140 Stepping 1, GenuineIntel



---------------  S Y S T E M  ---------------

OS: Windows 11 , 64 bit Build 22000 (10.0.22000.675)
Hyper-V role detected

CPU:total 8 (initial active 8) (4 cores per cpu, 2 threads per core) family 6 model 140 stepping 1 microcode 0x86, cmov, cx8, fxsr, mmx, sse, sse2, sse3, ssse3, sse4.1, sse4.2, popcnt, avx, avx2, aes, clmul, erms, 3dnowpref, lzcnt, ht, tsc, tscinvbit, bmi1, bmi2, adx, evex, sha, fma

Memory: 4k page, system-wide physical 7859M (234M free)
TotalPageFile size 22978M (AvailPageFile size 17M)
current process WorkingSet (physical memory assigned to process): 324M, peak: 324M
current process commit charge ("private bytes"): 392M, peak: 394M

vm_info: Java HotSpot(TM) 64-Bit Server VM (11.0.14+8-LTS-263) for windows-amd64 JRE (11.0.14+8-LTS-263), built on Dec  7 2021 21:53:57 by "mach5one" with MS VC++ 15.9 (VS2017)

END.
