#
# There is insufficient memory for the Java Runtime Environment to continue.
# Native memory allocation (mmap) failed to map 26214400 bytes for Failed to commit area from 0x000000008ce00000 to 0x000000008e700000 of length 26214400.
# Possible reasons:
#   The system is out of physical RAM or swap space
#   The process is running with CompressedOops enabled, and the Java Heap may be blocking the growth of the native heap
# Possible solutions:
#   Reduce memory load on the system
#   Increase physical memory or swap space
#   Check if swap backing store is full
#   Decrease Java heap size (-Xmx/-Xms)
#   Decrease number of Java threads
#   Decrease Java thread stack sizes (-Xss)
#   Set larger code cache with -XX:ReservedCodeCacheSize=
#   JVM is running with Unscaled Compressed Oops mode in which the Java heap is
#     placed in the first 4GB address space. The Java Heap base address is the
#     maximum limit for the native heap growth. Please use -XX:HeapBaseMinAddress
#     to set the Java Heap base and to place the Java Heap above 4GB virtual address.
# This output file may be truncated or incomplete.
#
#  Out of Memory Error (./open/src/hotspot/os/windows/os_windows.cpp:3284), pid=26744, tid=25032
#
# JRE version: Java(TM) SE Runtime Environment 18.9 (11.0.14+8) (build 11.0.14+8-LTS-263)
# Java VM: Java HotSpot(TM) 64-Bit Server VM 18.9 (11.0.14+8-LTS-263, mixed mode, tiered, compressed oops, g1 gc, windows-amd64)
# No core dump will be written. Minidumps are not enabled by default on client versions of Windows
#

---------------  S U M M A R Y ------------

Command Line: C:\Users\SKANDE~1\AppData\Local\Temp\surefire18381881746260798959\surefirebooter12715353409874695181.jar C:\Users\Skander Boussorra\AppData\Local\Temp\surefire18381881746260798959 2022-06-02T14-04-31_998-jvmRun1 surefire1905209648269142288tmp surefire_02082580751795265562tmp

Host: 11th Gen Intel(R) Core(TM) i5-1135G7 @ 2.40GHz, 8 cores, 7G,  Windows 11 , 64 bit Build 22000 (10.0.22000.675)
Time: Thu Jun  2 14:04:40 2022 Afr. centrale Ouest elapsed time: 6.219880 seconds (0d 0h 0m 6s)

---------------  T H R E A D  ---------------

Current thread (0x0000016d06e71800):  VMThread "VM Thread" [stack: 0x000000613b700000,0x000000613b800000] [id=25032]

Stack: [0x000000613b700000,0x000000613b800000]
[error occurred during error reporting (printing stack bounds), id 0xc0000005, EXCEPTION_ACCESS_VIOLATION (0xc0000005) at pc=0x0000016d707510e7]

Native frames: (J=compiled Java code, j=interpreted, Vv=VM code, C=native code)
V  [jvm.dll+0x6296da]
V  [jvm.dll+0x76323f]
V  [jvm.dll+0x7648e9]
V  [jvm.dll+0x764ed5]
V  [jvm.dll+0x764e8b]
V  [jvm.dll+0x628c23]
V  [jvm.dll+0x6292d8]
C  [ntdll.dll+0xa8e4f]
C  [ntdll.dll+0x35e9a]
C  [ntdll.dll+0xa7e5e]
C  0x0000016d707510e7

VM_Operation (0x000000613b1f9840): G1CollectForAllocation, mode: safepoint, requested by thread 0x0000016d690c9800


---------------  P R O C E S S  ---------------

Threads class SMR info:
_java_thread_list=0x0000016d086d89c0, length=12, elements={
0x0000016d690c9800, 0x0000016d06e73800, 0x0000016d06e74800, 0x0000016d06e91800,
0x0000016d06e94800, 0x0000016d06e95000, 0x0000016d06e96800, 0x0000016d06e98800,
0x0000016d06e9e000, 0x0000016d07990000, 0x0000016d07a8a800, 0x0000016d07b89000
}

Java Threads: ( => current thread )
  0x0000016d690c9800 JavaThread "main" [_thread_blocked, id=6328, stack(0x000000613b100000,0x000000613b200000)]
  0x0000016d06e73800 JavaThread "Reference Handler" daemon [_thread_blocked, id=18568, stack(0x000000613b800000,0x000000613b900000)]
  0x0000016d06e74800 JavaThread "Finalizer" daemon [_thread_blocked, id=17516, stack(0x000000613b900000,0x000000613ba00000)]
  0x0000016d06e91800 JavaThread "Signal Dispatcher" daemon [_thread_blocked, id=20800, stack(0x000000613ba00000,0x000000613bb00000)]
  0x0000016d06e94800 JavaThread "Attach Listener" daemon [_thread_blocked, id=11352, stack(0x000000613bb00000,0x000000613bc00000)]
  0x0000016d06e95000 JavaThread "Service Thread" daemon [_thread_blocked, id=12676, stack(0x000000613bc00000,0x000000613bd00000)]
  0x0000016d06e96800 JavaThread "C2 CompilerThread0" daemon [_thread_in_native, id=22100, stack(0x000000613bd00000,0x000000613be00000)]
  0x0000016d06e98800 JavaThread "C1 CompilerThread0" daemon [_thread_blocked, id=10480, stack(0x000000613be00000,0x000000613bf00000)]
  0x0000016d06e9e000 JavaThread "Sweeper thread" daemon [_thread_blocked, id=26180, stack(0x000000613bf00000,0x000000613c000000)]
  0x0000016d07990000 JavaThread "Common-Cleaner" daemon [_thread_blocked, id=27536, stack(0x000000613c100000,0x000000613c200000)]
  0x0000016d07a8a800 JavaThread "surefire-forkedjvm-command-thread" daemon [_thread_in_native, id=25664, stack(0x000000613c200000,0x000000613c300000)]
  0x0000016d07b89000 JavaThread "surefire-forkedjvm-ping-30s" daemon [_thread_blocked, id=320, stack(0x000000613c300000,0x000000613c400000)]

Other Threads:
=>0x0000016d06e71800 VMThread "VM Thread" [stack: 0x000000613b700000,0x000000613b800000] [id=25032]
  0x0000016d0798f000 WatcherThread [stack: 0x000000613c000000,0x000000613c100000] [id=11360]
  0x0000016d690de000 GCTaskThread "GC Thread#0" [stack: 0x000000613b200000,0x000000613b300000] [id=18552]
  0x0000016d08607800 GCTaskThread "GC Thread#1" [stack: 0x000000613c400000,0x000000613c500000] [id=15064]
  0x0000016d0a4e2800 GCTaskThread "GC Thread#2" [stack: 0x000000613c700000,0x000000613c800000] [id=5472]
  0x0000016d0a550800 GCTaskThread "GC Thread#3" [stack: 0x000000613c800000,0x000000613c900000] [id=24188]
  0x0000016d6910e000 ConcurrentGCThread "G1 Main Marker" [stack: 0x000000613b300000,0x000000613b400000] [id=20160]
  0x0000016d69110000 ConcurrentGCThread "G1 Conc#0" [stack: 0x000000613b400000,0x000000613b500000] [id=15648]
  0x0000016d094f2800 ConcurrentGCThread "G1 Conc#1" [stack: 0x000000613c500000,0x000000613c600000] [id=1816]
  0x0000016d691a2000 ConcurrentGCThread "G1 Refine#0" [stack: 0x000000613b500000,0x000000613b600000] [id=24464]
  0x0000016d691a4000 ConcurrentGCThread "G1 Young RemSet Sampling" [stack: 0x000000613b600000,0x000000613b700000] [id=17892]

Threads with active compile tasks:
C2 CompilerThread0   6237 2754 %     4       java.util.HashMap::forEach @ 44 (112 bytes)

VM state:at safepoint (normal execution)

VM Mutex/Monitor currently owned by a thread:  ([mutex/lock_event])
[0x0000016d690c6e90] Threads_lock - owner thread: 0x0000016d06e71800
[0x0000016d690c67d0] Heap_lock - owner thread: 0x0000016d690c9800

Heap address: 0x0000000085200000, size: 1966 MB, Compressed Oops mode: 32-bit
Narrow klass base: 0x0000000000000000, Narrow klass shift: 3
Compressed class space size: 1073741824 Address: 0x0000000100000000

Heap:
 garbage-first heap   total 152576K, used 18312K [0x0000000085200000, 0x0000000100000000)
  region size 1024K, 7 young (7168K), 7 survivors (7168K)
 Metaspace       used 33043K, capacity 34032K, committed 34172K, reserved 1079296K
  class space    used 3963K, capacity 4375K, committed 4476K, reserved 1048576K
Heap Regions: E=young(eden), S=young(survivor), O=old, HS=humongous(starts), HC=humongous(continues), CS=collection set, F=free, A=archive, TAMS=top-at-mark-start (previous, next)
|   0|0x0000000085200000, 0x0000000085300000, 0x0000000085300000|100%| O|  |TAMS 0x0000000085300000, 0x0000000085200000| Untracked 
|   1|0x0000000085300000, 0x0000000085400000, 0x0000000085400000|100%|HS|  |TAMS 0x0000000085400000, 0x0000000085300000| Complete 
|   2|0x0000000085400000, 0x0000000085500000, 0x0000000085500000|100%| O|  |TAMS 0x0000000085500000, 0x0000000085400000| Untracked 
|   3|0x0000000085500000, 0x0000000085600000, 0x0000000085600000|100%| O|  |TAMS 0x0000000085600000, 0x0000000085500000| Untracked 
|   4|0x0000000085600000, 0x0000000085700000, 0x0000000085700000|100%| O|  |TAMS 0x0000000085700000, 0x0000000085600000| Untracked 
|   5|0x0000000085700000, 0x0000000085800000, 0x0000000085800000|100%| O|  |TAMS 0x0000000085800000, 0x0000000085700000| Untracked 
|   6|0x0000000085800000, 0x0000000085900000, 0x0000000085900000|100%| O|  |TAMS 0x0000000085900000, 0x0000000085800000| Untracked 
|   7|0x0000000085900000, 0x0000000085a00000, 0x0000000085a00000|100%| O|  |TAMS 0x0000000085a00000, 0x0000000085900000| Untracked 
|   8|0x0000000085a00000, 0x0000000085b00000, 0x0000000085b00000|100%| O|  |TAMS 0x0000000085b00000, 0x0000000085a00000| Untracked 
|   9|0x0000000085b00000, 0x0000000085c00000, 0x0000000085c00000|100%| O|  |TAMS 0x0000000085c00000, 0x0000000085b00000| Untracked 
|  10|0x0000000085c00000, 0x0000000085d00000, 0x0000000085d00000|100%| O|  |TAMS 0x0000000085d00000, 0x0000000085c00000| Untracked 
|  11|0x0000000085d00000, 0x0000000085d6ba00, 0x0000000085e00000| 42%| O|  |TAMS 0x0000000085d6ba00, 0x0000000085d00000| Untracked 
|  12|0x0000000085e00000, 0x0000000085e00000, 0x0000000085f00000|  0%| F|  |TAMS 0x0000000085e00000, 0x0000000085e00000| Untracked 
|  13|0x0000000085f00000, 0x0000000085f00000, 0x0000000086000000|  0%| F|  |TAMS 0x0000000085f00000, 0x0000000085f00000| Untracked 
|  14|0x0000000086000000, 0x0000000086000000, 0x0000000086100000|  0%| F|  |TAMS 0x0000000086000000, 0x0000000086000000| Untracked 
|  15|0x0000000086100000, 0x0000000086100000, 0x0000000086200000|  0%| F|  |TAMS 0x0000000086100000, 0x0000000086100000| Untracked 
|  16|0x0000000086200000, 0x0000000086200000, 0x0000000086300000|  0%| F|  |TAMS 0x0000000086200000, 0x0000000086200000| Untracked 
|  17|0x0000000086300000, 0x0000000086300000, 0x0000000086400000|  0%| F|  |TAMS 0x0000000086300000, 0x0000000086300000| Untracked 
|  18|0x0000000086400000, 0x0000000086400000, 0x0000000086500000|  0%| F|  |TAMS 0x0000000086400000, 0x0000000086400000| Untracked 
|  19|0x0000000086500000, 0x0000000086500000, 0x0000000086600000|  0%| F|  |TAMS 0x0000000086500000, 0x0000000086500000| Untracked 
|  20|0x0000000086600000, 0x0000000086600000, 0x0000000086700000|  0%| F|  |TAMS 0x0000000086600000, 0x0000000086600000| Untracked 
|  21|0x0000000086700000, 0x0000000086700000, 0x0000000086800000|  0%| F|  |TAMS 0x0000000086700000, 0x0000000086700000| Untracked 
|  22|0x0000000086800000, 0x0000000086800000, 0x0000000086900000|  0%| F|  |TAMS 0x0000000086800000, 0x0000000086800000| Untracked 
|  23|0x0000000086900000, 0x0000000086900000, 0x0000000086a00000|  0%| F|  |TAMS 0x0000000086900000, 0x0000000086900000| Untracked 
|  24|0x0000000086a00000, 0x0000000086a00000, 0x0000000086b00000|  0%| F|  |TAMS 0x0000000086a00000, 0x0000000086a00000| Untracked 
|  25|0x0000000086b00000, 0x0000000086b00000, 0x0000000086c00000|  0%| F|  |TAMS 0x0000000086b00000, 0x0000000086b00000| Untracked 
|  26|0x0000000086c00000, 0x0000000086c00000, 0x0000000086d00000|  0%| F|  |TAMS 0x0000000086c00000, 0x0000000086c00000| Untracked 
|  27|0x0000000086d00000, 0x0000000086d00000, 0x0000000086e00000|  0%| F|  |TAMS 0x0000000086d00000, 0x0000000086d00000| Untracked 
|  28|0x0000000086e00000, 0x0000000086e00000, 0x0000000086f00000|  0%| F|  |TAMS 0x0000000086e00000, 0x0000000086e00000| Untracked 
|  29|0x0000000086f00000, 0x0000000086f00000, 0x0000000087000000|  0%| F|  |TAMS 0x0000000086f00000, 0x0000000086f00000| Untracked 
|  30|0x0000000087000000, 0x0000000087000000, 0x0000000087100000|  0%| F|  |TAMS 0x0000000087000000, 0x0000000087000000| Untracked 
|  31|0x0000000087100000, 0x0000000087100000, 0x0000000087200000|  0%| F|  |TAMS 0x0000000087100000, 0x0000000087100000| Untracked 
|  32|0x0000000087200000, 0x0000000087200000, 0x0000000087300000|  0%| F|  |TAMS 0x0000000087200000, 0x0000000087200000| Untracked 
|  33|0x0000000087300000, 0x0000000087300000, 0x0000000087400000|  0%| F|  |TAMS 0x0000000087300000, 0x0000000087300000| Untracked 
|  34|0x0000000087400000, 0x0000000087400000, 0x0000000087500000|  0%| F|  |TAMS 0x0000000087400000, 0x0000000087400000| Untracked 
|  35|0x0000000087500000, 0x0000000087500000, 0x0000000087600000|  0%| F|  |TAMS 0x0000000087500000, 0x0000000087500000| Untracked 
|  36|0x0000000087600000, 0x0000000087600000, 0x0000000087700000|  0%| F|  |TAMS 0x0000000087600000, 0x0000000087600000| Untracked 
|  37|0x0000000087700000, 0x0000000087700000, 0x0000000087800000|  0%| F|  |TAMS 0x0000000087700000, 0x0000000087700000| Untracked 
|  38|0x0000000087800000, 0x0000000087800000, 0x0000000087900000|  0%| F|  |TAMS 0x0000000087800000, 0x0000000087800000| Untracked 
|  39|0x0000000087900000, 0x0000000087900000, 0x0000000087a00000|  0%| F|  |TAMS 0x0000000087900000, 0x0000000087900000| Untracked 
|  40|0x0000000087a00000, 0x0000000087a00000, 0x0000000087b00000|  0%| F|  |TAMS 0x0000000087a00000, 0x0000000087a00000| Untracked 
|  41|0x0000000087b00000, 0x0000000087b00000, 0x0000000087c00000|  0%| F|  |TAMS 0x0000000087b00000, 0x0000000087b00000| Untracked 
|  42|0x0000000087c00000, 0x0000000087c00000, 0x0000000087d00000|  0%| F|  |TAMS 0x0000000087c00000, 0x0000000087c00000| Untracked 
|  43|0x0000000087d00000, 0x0000000087d00000, 0x0000000087e00000|  0%| F|  |TAMS 0x0000000087d00000, 0x0000000087d00000| Untracked 
|  44|0x0000000087e00000, 0x0000000087e00000, 0x0000000087f00000|  0%| F|  |TAMS 0x0000000087e00000, 0x0000000087e00000| Untracked 
|  45|0x0000000087f00000, 0x0000000087f00000, 0x0000000088000000|  0%| F|  |TAMS 0x0000000087f00000, 0x0000000087f00000| Untracked 
|  46|0x0000000088000000, 0x0000000088000000, 0x0000000088100000|  0%| F|  |TAMS 0x0000000088000000, 0x0000000088000000| Untracked 
|  47|0x0000000088100000, 0x0000000088100000, 0x0000000088200000|  0%| F|  |TAMS 0x0000000088100000, 0x0000000088100000| Untracked 
|  48|0x0000000088200000, 0x0000000088200000, 0x0000000088300000|  0%| F|  |TAMS 0x0000000088200000, 0x0000000088200000| Untracked 
|  49|0x0000000088300000, 0x0000000088300000, 0x0000000088400000|  0%| F|  |TAMS 0x0000000088300000, 0x0000000088300000| Untracked 
|  50|0x0000000088400000, 0x0000000088400000, 0x0000000088500000|  0%| F|  |TAMS 0x0000000088400000, 0x0000000088400000| Untracked 
|  51|0x0000000088500000, 0x0000000088500000, 0x0000000088600000|  0%| F|  |TAMS 0x0000000088500000, 0x0000000088500000| Untracked 
|  52|0x0000000088600000, 0x0000000088600000, 0x0000000088700000|  0%| F|  |TAMS 0x0000000088600000, 0x0000000088600000| Untracked 
|  53|0x0000000088700000, 0x0000000088700000, 0x0000000088800000|  0%| F|  |TAMS 0x0000000088700000, 0x0000000088700000| Untracked 
|  54|0x0000000088800000, 0x0000000088800000, 0x0000000088900000|  0%| F|  |TAMS 0x0000000088800000, 0x0000000088800000| Untracked 
|  55|0x0000000088900000, 0x0000000088976760, 0x0000000088a00000| 46%| S|CS|TAMS 0x0000000088900000, 0x0000000088900000| Complete 
|  56|0x0000000088a00000, 0x0000000088b00000, 0x0000000088b00000|100%| S|CS|TAMS 0x0000000088a00000, 0x0000000088a00000| Complete 
|  57|0x0000000088b00000, 0x0000000088c00000, 0x0000000088c00000|100%| S|CS|TAMS 0x0000000088b00000, 0x0000000088b00000| Complete 
|  58|0x0000000088c00000, 0x0000000088d00000, 0x0000000088d00000|100%| S|CS|TAMS 0x0000000088c00000, 0x0000000088c00000| Complete 
|  59|0x0000000088d00000, 0x0000000088e00000, 0x0000000088e00000|100%| S|CS|TAMS 0x0000000088d00000, 0x0000000088d00000| Complete 
|  60|0x0000000088e00000, 0x0000000088f00000, 0x0000000088f00000|100%| S|CS|TAMS 0x0000000088e00000, 0x0000000088e00000| Complete 
|  61|0x0000000088f00000, 0x0000000089000000, 0x0000000089000000|100%| S|CS|TAMS 0x0000000088f00000, 0x0000000088f00000| Complete 
|  62|0x0000000089000000, 0x0000000089000000, 0x0000000089100000|  0%| F|  |TAMS 0x0000000089000000, 0x0000000089000000| Untracked 
|  63|0x0000000089100000, 0x0000000089100000, 0x0000000089200000|  0%| F|  |TAMS 0x0000000089100000, 0x0000000089100000| Untracked 
|  64|0x0000000089200000, 0x0000000089200000, 0x0000000089300000|  0%| F|  |TAMS 0x0000000089200000, 0x0000000089200000| Untracked 
|  65|0x0000000089300000, 0x0000000089300000, 0x0000000089400000|  0%| F|  |TAMS 0x0000000089300000, 0x0000000089300000| Untracked 
|  66|0x0000000089400000, 0x0000000089400000, 0x0000000089500000|  0%| F|  |TAMS 0x0000000089400000, 0x0000000089400000| Untracked 
|  67|0x0000000089500000, 0x0000000089500000, 0x0000000089600000|  0%| F|  |TAMS 0x0000000089500000, 0x0000000089500000| Untracked 
|  68|0x0000000089600000, 0x0000000089600000, 0x0000000089700000|  0%| F|  |TAMS 0x0000000089600000, 0x0000000089600000| Untracked 
|  69|0x0000000089700000, 0x0000000089700000, 0x0000000089800000|  0%| F|  |TAMS 0x0000000089700000, 0x0000000089700000| Untracked 
|  70|0x0000000089800000, 0x0000000089800000, 0x0000000089900000|  0%| F|  |TAMS 0x0000000089800000, 0x0000000089800000| Untracked 
|  71|0x0000000089900000, 0x0000000089900000, 0x0000000089a00000|  0%| F|  |TAMS 0x0000000089900000, 0x0000000089900000| Untracked 
|  72|0x0000000089a00000, 0x0000000089a00000, 0x0000000089b00000|  0%| F|  |TAMS 0x0000000089a00000, 0x0000000089a00000| Untracked 
|  73|0x0000000089b00000, 0x0000000089b00000, 0x0000000089c00000|  0%| F|  |TAMS 0x0000000089b00000, 0x0000000089b00000| Untracked 
|  74|0x0000000089c00000, 0x0000000089c00000, 0x0000000089d00000|  0%| F|  |TAMS 0x0000000089c00000, 0x0000000089c00000| Untracked 
|  75|0x0000000089d00000, 0x0000000089d00000, 0x0000000089e00000|  0%| F|  |TAMS 0x0000000089d00000, 0x0000000089d00000| Untracked 
|  76|0x0000000089e00000, 0x0000000089e00000, 0x0000000089f00000|  0%| F|  |TAMS 0x0000000089e00000, 0x0000000089e00000| Untracked 
|  77|0x0000000089f00000, 0x0000000089f00000, 0x000000008a000000|  0%| F|  |TAMS 0x0000000089f00000, 0x0000000089f00000| Untracked 
|  78|0x000000008a000000, 0x000000008a000000, 0x000000008a100000|  0%| F|  |TAMS 0x000000008a000000, 0x000000008a000000| Untracked 
|  79|0x000000008a100000, 0x000000008a100000, 0x000000008a200000|  0%| F|  |TAMS 0x000000008a100000, 0x000000008a100000| Untracked 
|  80|0x000000008a200000, 0x000000008a200000, 0x000000008a300000|  0%| F|  |TAMS 0x000000008a200000, 0x000000008a200000| Untracked 
|  81|0x000000008a300000, 0x000000008a300000, 0x000000008a400000|  0%| F|  |TAMS 0x000000008a300000, 0x000000008a300000| Untracked 
|  82|0x000000008a400000, 0x000000008a400000, 0x000000008a500000|  0%| F|  |TAMS 0x000000008a400000, 0x000000008a400000| Untracked 
|  83|0x000000008a500000, 0x000000008a500000, 0x000000008a600000|  0%| F|  |TAMS 0x000000008a500000, 0x000000008a500000| Untracked 
|  84|0x000000008a600000, 0x000000008a600000, 0x000000008a700000|  0%| F|  |TAMS 0x000000008a600000, 0x000000008a600000| Untracked 
|  85|0x000000008a700000, 0x000000008a700000, 0x000000008a800000|  0%| F|  |TAMS 0x000000008a700000, 0x000000008a700000| Untracked 
|  86|0x000000008a800000, 0x000000008a800000, 0x000000008a900000|  0%| F|  |TAMS 0x000000008a800000, 0x000000008a800000| Untracked 
|  87|0x000000008a900000, 0x000000008a900000, 0x000000008aa00000|  0%| F|  |TAMS 0x000000008a900000, 0x000000008a900000| Untracked 
|  88|0x000000008aa00000, 0x000000008aa00000, 0x000000008ab00000|  0%| F|  |TAMS 0x000000008aa00000, 0x000000008aa00000| Untracked 
|  89|0x000000008ab00000, 0x000000008ab00000, 0x000000008ac00000|  0%| F|  |TAMS 0x000000008ab00000, 0x000000008ab00000| Untracked 
|  90|0x000000008ac00000, 0x000000008ac00000, 0x000000008ad00000|  0%| F|  |TAMS 0x000000008ac00000, 0x000000008ac00000| Untracked 
|  91|0x000000008ad00000, 0x000000008ad00000, 0x000000008ae00000|  0%| F|  |TAMS 0x000000008ad00000, 0x000000008ad00000| Untracked 
|  92|0x000000008ae00000, 0x000000008ae00000, 0x000000008af00000|  0%| F|  |TAMS 0x000000008ae00000, 0x000000008ae00000| Untracked 
|  93|0x000000008af00000, 0x000000008af00000, 0x000000008b000000|  0%| F|  |TAMS 0x000000008af00000, 0x000000008af00000| Untracked 
|  94|0x000000008b000000, 0x000000008b000000, 0x000000008b100000|  0%| F|  |TAMS 0x000000008b000000, 0x000000008b000000| Untracked 
|  95|0x000000008b100000, 0x000000008b100000, 0x000000008b200000|  0%| F|  |TAMS 0x000000008b100000, 0x000000008b100000| Untracked 
|  96|0x000000008b200000, 0x000000008b200000, 0x000000008b300000|  0%| F|  |TAMS 0x000000008b200000, 0x000000008b200000| Untracked 
|  97|0x000000008b300000, 0x000000008b300000, 0x000000008b400000|  0%| F|  |TAMS 0x000000008b300000, 0x000000008b300000| Untracked 
|  98|0x000000008b400000, 0x000000008b400000, 0x000000008b500000|  0%| F|  |TAMS 0x000000008b400000, 0x000000008b400000| Untracked 
|  99|0x000000008b500000, 0x000000008b500000, 0x000000008b600000|  0%| F|  |TAMS 0x000000008b500000, 0x000000008b500000| Untracked 
| 100|0x000000008b600000, 0x000000008b600000, 0x000000008b700000|  0%| F|  |TAMS 0x000000008b600000, 0x000000008b600000| Untracked 
| 101|0x000000008b700000, 0x000000008b700000, 0x000000008b800000|  0%| F|  |TAMS 0x000000008b700000, 0x000000008b700000| Untracked 
| 102|0x000000008b800000, 0x000000008b800000, 0x000000008b900000|  0%| F|  |TAMS 0x000000008b800000, 0x000000008b800000| Untracked 
| 103|0x000000008b900000, 0x000000008b900000, 0x000000008ba00000|  0%| F|  |TAMS 0x000000008b900000, 0x000000008b900000| Untracked 
| 104|0x000000008ba00000, 0x000000008ba00000, 0x000000008bb00000|  0%| F|  |TAMS 0x000000008ba00000, 0x000000008ba00000| Untracked 
| 105|0x000000008bb00000, 0x000000008bb00000, 0x000000008bc00000|  0%| F|  |TAMS 0x000000008bb00000, 0x000000008bb00000| Untracked 
| 106|0x000000008bc00000, 0x000000008bc00000, 0x000000008bd00000|  0%| F|  |TAMS 0x000000008bc00000, 0x000000008bc00000| Untracked 
| 107|0x000000008bd00000, 0x000000008bd00000, 0x000000008be00000|  0%| F|  |TAMS 0x000000008bd00000, 0x000000008bd00000| Untracked 
| 108|0x000000008be00000, 0x000000008be00000, 0x000000008bf00000|  0%| F|  |TAMS 0x000000008be00000, 0x000000008be00000| Untracked 
| 109|0x000000008bf00000, 0x000000008bf00000, 0x000000008c000000|  0%| F|  |TAMS 0x000000008bf00000, 0x000000008bf00000| Untracked 
| 110|0x000000008c000000, 0x000000008c000000, 0x000000008c100000|  0%| F|  |TAMS 0x000000008c000000, 0x000000008c000000| Untracked 
| 111|0x000000008c100000, 0x000000008c100000, 0x000000008c200000|  0%| F|  |TAMS 0x000000008c100000, 0x000000008c100000| Untracked 
| 112|0x000000008c200000, 0x000000008c200000, 0x000000008c300000|  0%| F|  |TAMS 0x000000008c200000, 0x000000008c200000| Untracked 
| 113|0x000000008c300000, 0x000000008c300000, 0x000000008c400000|  0%| F|  |TAMS 0x000000008c300000, 0x000000008c300000| Untracked 
| 114|0x000000008c400000, 0x000000008c400000, 0x000000008c500000|  0%| F|  |TAMS 0x000000008c400000, 0x000000008c400000| Untracked 
| 115|0x000000008c500000, 0x000000008c500000, 0x000000008c600000|  0%| F|  |TAMS 0x000000008c500000, 0x000000008c500000| Untracked 
| 116|0x000000008c600000, 0x000000008c600000, 0x000000008c700000|  0%| F|  |TAMS 0x000000008c600000, 0x000000008c600000| Untracked 
| 117|0x000000008c700000, 0x000000008c700000, 0x000000008c800000|  0%| F|  |TAMS 0x000000008c700000, 0x000000008c700000| Untracked 
| 118|0x000000008c800000, 0x000000008c800000, 0x000000008c900000|  0%| F|  |TAMS 0x000000008c800000, 0x000000008c800000| Untracked 
| 119|0x000000008c900000, 0x000000008c900000, 0x000000008ca00000|  0%| F|  |TAMS 0x000000008c900000, 0x000000008c900000| Untracked 
| 120|0x000000008ca00000, 0x000000008ca00000, 0x000000008cb00000|  0%| F|  |TAMS 0x000000008ca00000, 0x000000008ca00000| Untracked 
| 121|0x000000008cb00000, 0x000000008cb00000, 0x000000008cc00000|  0%| F|  |TAMS 0x000000008cb00000, 0x000000008cb00000| Untracked 
| 122|0x000000008cc00000, 0x000000008cc00000, 0x000000008cd00000|  0%| F|  |TAMS 0x000000008cc00000, 0x000000008cc00000| Untracked 
| 123|0x000000008cd00000, 0x000000008cd00000, 0x000000008ce00000|  0%| F|  |TAMS 0x000000008cd00000, 0x000000008cd00000| Untracked 

Card table byte_map: [0x0000016d00000000,0x0000016d003e0000] _byte_map_base: 0x0000016cffbd7000

Marking Bits (Prev, Next): (CMBitMap*) 0x0000016d691054b0, (CMBitMap*) 0x0000016d69105478
 Prev Bits: [0x0000016d02680000, 0x0000016d04538000)
 Next Bits: [0x0000016d007c0000, 0x0000016d02678000)

Polling page: 0x0000016d67260000

Metaspace:

Usage:
  Non-class:     28.96 MB capacity,    28.40 MB ( 98%) used,   462.47 KB (  2%) free+waste,   113.94 KB ( <1%) overhead. 
      Class:      4.27 MB capacity,     3.87 MB ( 91%) used,   352.97 KB (  8%) free+waste,    58.94 KB (  1%) overhead. 
       Both:     33.23 MB capacity,    32.27 MB ( 97%) used,   815.44 KB (  2%) free+waste,   172.88 KB ( <1%) overhead. 

Virtual space:
  Non-class space:       30.00 MB reserved,      29.00 MB ( 97%) committed 
      Class space:        1.00 GB reserved,       4.37 MB ( <1%) committed 
             Both:        1.03 GB reserved,      33.37 MB (  3%) committed 

Chunk freelists:
   Non-Class:  4.88 KB
       Class:  1.13 KB
        Both:  6.00 KB

CodeHeap 'non-profiled nmethods': size=120000Kb used=1260Kb max_used=1260Kb free=118739Kb
 bounds [0x0000016d78220000, 0x0000016d78490000, 0x0000016d7f750000]
CodeHeap 'profiled nmethods': size=120000Kb used=6019Kb max_used=6019Kb free=113980Kb
 bounds [0x0000016d70cf0000, 0x0000016d712e0000, 0x0000016d78220000]
CodeHeap 'non-nmethods': size=5760Kb used=1148Kb max_used=1183Kb free=4611Kb
 bounds [0x0000016d70750000, 0x0000016d709c0000, 0x0000016d70cf0000]
 total_blobs=3232 nmethods=2767 adapters=376
 compilation: enabled
              stopped_count=0, restarted_count=0
 full_count=0

Compilation events (10 events):
Event: 6.201 Thread 0x0000016d06e98800 2788   !   3       sun.nio.fs.WindowsPath::getPathForWin32Calls (138 bytes)
Event: 6.202 Thread 0x0000016d06e98800 nmethod 2788 0x0000016d712cb810 code [0x0000016d712cbb00, 0x0000016d712ccc18]
Event: 6.202 Thread 0x0000016d06e98800 2789       3       sun.nio.fs.WindowsNativeDispatcher::asNativeBuffer (103 bytes)
Event: 6.204 Thread 0x0000016d06e98800 nmethod 2789 0x0000016d712cd210 code [0x0000016d712cd580, 0x0000016d712ce978]
Event: 6.204 Thread 0x0000016d06e98800 2792       2       java.util.HashMap::putVal (300 bytes)
Event: 6.205 Thread 0x0000016d06e98800 nmethod 2792 0x0000016d712cf190 code [0x0000016d712cf3e0, 0x0000016d712cfb58]
Event: 6.205 Thread 0x0000016d06e98800 2790       3       org.springframework.core.annotation.MergedAnnotations::of (5 bytes)
Event: 6.205 Thread 0x0000016d06e98800 nmethod 2790 0x0000016d712d0010 code [0x0000016d712d0200, 0x0000016d712d0648]
Event: 6.205 Thread 0x0000016d06e98800 2791       3       org.springframework.core.annotation.MergedAnnotationsCollection::of (28 bytes)
Event: 6.206 Thread 0x0000016d06e98800 nmethod 2791 0x0000016d712d0810 code [0x0000016d712d09e0, 0x0000016d712d0dc8]

GC Heap History (9 events):
Event: 0.608 GC heap before
{Heap before GC invocations=0 (full 0):
 garbage-first heap   total 126976K, used 25600K [0x0000000085200000, 0x0000000100000000)
  region size 1024K, 24 young (24576K), 0 survivors (0K)
 Metaspace       used 10665K, capacity 10937K, committed 11136K, reserved 1058816K
  class space    used 1009K, capacity 1106K, committed 1152K, reserved 1048576K
}
Event: 0.615 GC heap after
{Heap after GC invocations=1 (full 0):
 garbage-first heap   total 126976K, used 11060K [0x0000000085200000, 0x0000000100000000)
  region size 1024K, 3 young (3072K), 3 survivors (3072K)
 Metaspace       used 10665K, capacity 10937K, committed 11136K, reserved 1058816K
  class space    used 1009K, capacity 1106K, committed 1152K, reserved 1048576K
}
Event: 0.990 GC heap before
{Heap before GC invocations=1 (full 0):
 garbage-first heap   total 126976K, used 27444K [0x0000000085200000, 0x0000000100000000)
  region size 1024K, 19 young (19456K), 3 survivors (3072K)
 Metaspace       used 13871K, capacity 14372K, committed 14464K, reserved 1062912K
  class space    used 1442K, capacity 1626K, committed 1664K, reserved 1048576K
}
Event: 0.994 GC heap after
{Heap after GC invocations=2 (full 0):
 garbage-first heap   total 126976K, used 12432K [0x0000000085200000, 0x0000000100000000)
  region size 1024K, 1 young (1024K), 1 survivors (1024K)
 Metaspace       used 13871K, capacity 14372K, committed 14464K, reserved 1062912K
  class space    used 1442K, capacity 1626K, committed 1664K, reserved 1048576K
}
Event: 1.772 GC heap before
{Heap before GC invocations=2 (full 0):
 garbage-first heap   total 126976K, used 51344K [0x0000000085200000, 0x0000000100000000)
  region size 1024K, 40 young (40960K), 1 survivors (1024K)
 Metaspace       used 20557K, capacity 21245K, committed 21296K, reserved 1069056K
  class space    used 2291K, capacity 2572K, committed 2608K, reserved 1048576K
}
Event: 1.777 GC heap after
{Heap after GC invocations=3 (full 0):
 garbage-first heap   total 126976K, used 14201K [0x0000000085200000, 0x0000000100000000)
  region size 1024K, 3 young (3072K), 3 survivors (3072K)
 Metaspace       used 20557K, capacity 21245K, committed 21296K, reserved 1069056K
  class space    used 2291K, capacity 2572K, committed 2608K, reserved 1048576K
}
Event: 4.890 GC heap before
{Heap before GC invocations=4 (full 0):
 garbage-first heap   total 126976K, used 62329K [0x0000000085200000, 0x0000000100000000)
  region size 1024K, 51 young (52224K), 3 survivors (3072K)
 Metaspace       used 26794K, capacity 27679K, committed 27772K, reserved 1073152K
  class space    used 3274K, capacity 3654K, committed 3708K, reserved 1048576K
}
Event: 4.931 GC heap after
{Heap after GC invocations=5 (full 0):
 garbage-first heap   total 126976K, used 16086K [0x0000000085200000, 0x0000000100000000)
  region size 1024K, 5 young (5120K), 5 survivors (5120K)
 Metaspace       used 26794K, capacity 27679K, committed 27772K, reserved 1073152K
  class space    used 3274K, capacity 3654K, committed 3708K, reserved 1048576K
}
Event: 6.207 GC heap before
{Heap before GC invocations=5 (full 0):
 garbage-first heap   total 126976K, used 73430K [0x0000000085200000, 0x0000000100000000)
  region size 1024K, 62 young (63488K), 5 survivors (5120K)
 Metaspace       used 33043K, capacity 34032K, committed 34172K, reserved 1079296K
  class space    used 3963K, capacity 4375K, committed 4476K, reserved 1048576K
}

Deoptimization events (10 events):
Event: 4.944 Thread 0x0000016d0a69a000 Uncommon trap: reason=bimorphic_or_optimized_type_check action=maybe_recompile pc=0x0000016d78292a7c method=java.util.HashMap.putVal(ILjava/lang/Object;Ljava/lang/Object;ZZ)Ljava/lang/Object; @ 203 c2
Event: 5.305 Thread 0x0000016d690c9800 Uncommon trap: reason=bimorphic_or_optimized_type_check action=maybe_recompile pc=0x0000016d78292a7c method=java.util.HashMap.putVal(ILjava/lang/Object;Ljava/lang/Object;ZZ)Ljava/lang/Object; @ 203 c2
Event: 5.603 Thread 0x0000016d079b9000 Uncommon trap: reason=unstable_if action=reinterpret pc=0x0000016d782ee3c4 method=java.nio.Buffer.limit(I)Ljava/nio/Buffer; @ 42 c2
Event: 5.630 Thread 0x0000016d0a69a000 Uncommon trap: reason=unstable_if action=reinterpret pc=0x0000016d7831fb20 method=java.util.concurrent.ConcurrentHashMap.addCount(JI)V @ 168 c2
Event: 5.630 Thread 0x0000016d0a69a000 Uncommon trap: reason=unstable_if action=reinterpret pc=0x0000016d782ca0f0 method=java.util.concurrent.ConcurrentHashMap.transfer([Ljava/util/concurrent/ConcurrentHashMap$Node;[Ljava/util/concurrent/ConcurrentHashMap$Node;)V @ 34 c2
Event: 5.630 Thread 0x0000016d690c9800 Uncommon trap: reason=unstable_if action=reinterpret pc=0x0000016d782ca210 method=java.util.concurrent.ConcurrentHashMap.transfer([Ljava/util/concurrent/ConcurrentHashMap$Node;[Ljava/util/concurrent/ConcurrentHashMap$Node;)V @ 273 c2
Event: 5.636 Thread 0x0000016d690c9800 Uncommon trap: reason=unstable_if action=reinterpret pc=0x0000016d78335bd0 method=java.util.concurrent.ConcurrentHashMap.get(Ljava/lang/Object;)Ljava/lang/Object; @ 86 c2
Event: 5.755 Thread 0x0000016d0a69a000 Uncommon trap: reason=unstable_if action=reinterpret pc=0x0000016d7832e5dc method=jdk.internal.org.objectweb.asm.Type.getArgumentsAndReturnSizes(Ljava/lang/String;)I @ 47 c2
Event: 5.755 Thread 0x0000016d0a69a000 Uncommon trap: reason=unstable_if action=reinterpret pc=0x0000016d7832af90 method=jdk.internal.org.objectweb.asm.Frame.push(Ljdk/internal/org/objectweb/asm/ClassWriter;Ljava/lang/String;)V @ 18 c2
Event: 6.201 Thread 0x0000016d690c9800 Uncommon trap: reason=bimorphic_or_optimized_type_check action=maybe_recompile pc=0x0000016d78304b28 method=java.util.HashMap.putVal(ILjava/lang/Object;Ljava/lang/Object;ZZ)Ljava/lang/Object; @ 203 c2

Classes redefined (0 events):
No events

Internal exceptions (10 events):
Event: 5.031 Thread 0x0000016d0a69a000 Exception <a 'java/lang/NoSuchMethodError'{0x000000008c8d02d8}: java.lang.invoke.DelegatingMethodHandle$Holder.reinvoke_L(Ljava/lang/Object;IILjava/lang/Object;Ljava/lang/Object;Ljava/lang/Object;)Ljava/lang/Object;> (0x000000008c8d02d8) thrown at [./open
Event: 5.045 Thread 0x0000016d0a69a000 Exception <a 'java/lang/NoSuchMethodError'{0x000000008c8d40b8}: java.lang.invoke.DirectMethodHandle$Holder.invokeStatic(Ljava/lang/Object;Ljava/lang/Object;Ljava/lang/Object;Ljava/lang/Object;I)Ljava/lang/Object;> (0x000000008c8d40b8) thrown at [./open/sr
Event: 5.755 Thread 0x0000016d0a69a000 Exception <a 'java/lang/NoSuchMethodError'{0x000000008a5912f8}: java.lang.invoke.DirectMethodHandle$Holder.invokeSpecial(Ljava/lang/Object;Ljava/lang/Object;)J> (0x000000008a5912f8) thrown at [./open/src/hotspot/share/interpreter/linkResolver.cpp, line 77
Event: 5.755 Thread 0x0000016d690c9800 Exception <a 'java/lang/NoClassDefFoundError'{0x000000008a5452d8}: org/glassfish/jersey/server/monitoring/ApplicationEventListener> (0x000000008a5452d8) thrown at [./open/src/hotspot/share/classfile/systemDictionary.cpp, line 215]
Event: 5.759 Thread 0x0000016d0a69a000 Exception <a 'java/lang/NoSuchMethodError'{0x000000008a59b640}: java.lang.invoke.DirectMethodHandle$Holder.invokeStatic(Ljava/lang/Object;Ljava/lang/Object;)J> (0x000000008a59b640) thrown at [./open/src/hotspot/share/interpreter/linkResolver.cpp, line 772
Event: 5.760 Thread 0x0000016d0a69a000 Exception <a 'java/lang/NoSuchMethodError'{0x000000008a59e468}: java.lang.invoke.DirectMethodHandle$Holder.invokeStaticInit(Ljava/lang/Object;Ljava/lang/Object;)J> (0x000000008a59e468) thrown at [./open/src/hotspot/share/interpreter/linkResolver.cpp, line
Event: 5.762 Thread 0x0000016d0a69a000 Exception <a 'java/lang/NoSuchMethodError'{0x000000008a5aa928}: java.lang.invoke.DirectMethodHandle$Holder.invokeInterface(Ljava/lang/Object;Ljava/lang/Object;)J> (0x000000008a5aa928) thrown at [./open/src/hotspot/share/interpreter/linkResolver.cpp, line 
Event: 5.764 Thread 0x0000016d0a69a000 Exception <a 'java/lang/IncompatibleClassChangeError'{0x000000008a5ad6c0}: Found class java.lang.Object, but interface was expected> (0x000000008a5ad6c0) thrown at [./open/src/hotspot/share/interpreter/linkResolver.cpp, line 838]
Event: 5.789 Thread 0x0000016d0a69a000 Exception <a 'java/lang/NoSuchMethodError'{0x000000008a186650}: java.lang.invoke.DirectMethodHandle$Holder.invokeVirtual(Ljava/lang/Object;Ljava/lang/Object;Ljava/lang/Object;Ljava/lang/Object;)Ljava/lang/Object;> (0x000000008a186650) thrown at [./open/sr
Event: 5.927 Thread 0x0000016d690c9800 Exception <a 'java/lang/IncompatibleClassChangeError'{0x0000000089df31c0}: Found class java.lang.Object, but interface was expected> (0x0000000089df31c0) thrown at [./open/src/hotspot/share/interpreter/linkResolver.cpp, line 838]

Events (10 events):
Event: 6.193 loading class org/springframework/boot/web/servlet/ServletContextInitializer
Event: 6.193 loading class org/springframework/boot/web/servlet/ServletContextInitializer done
Event: 6.199 loading class org/springframework/boot/autoconfigure/condition/OnPropertyCondition$Spec
Event: 6.199 loading class org/springframework/boot/autoconfigure/condition/OnPropertyCondition$Spec done
Event: 6.201 Thread 0x0000016d690c9800 Uncommon trap: trap_request=0xffffffc6 fr.pc=0x0000016d78304b28 relative=0x0000000000000f28
Event: 6.201 Thread 0x0000016d690c9800 DEOPT PACKING pc=0x0000016d78304b28 sp=0x000000613b1fbe80
Event: 6.201 Thread 0x0000016d690c9800 DEOPT UNPACKING pc=0x0000016d707583af sp=0x000000613b1fbe10 mode 2
Event: 6.207 loading class org/springframework/boot/autoconfigure/web/servlet/ServletWebServerFactoryAutoConfiguration$BeanPostProcessorsRegistrar
Event: 6.207 loading class org/springframework/boot/autoconfigure/web/servlet/ServletWebServerFactoryAutoConfiguration$BeanPostProcessorsRegistrar done
Event: 6.207 Executing VM operation: G1CollectForAllocation


Dynamic libraries:
0x00007ff70ce60000 - 0x00007ff70ce6f000 	C:\Program Files\Java\jdk-11.0.14\bin\java.exe
0x00007ffb72b40000 - 0x00007ffb72d49000 	C:\WINDOWS\SYSTEM32\ntdll.dll
0x00007ffb71330000 - 0x00007ffb713ed000 	C:\WINDOWS\System32\KERNEL32.DLL
0x00007ffb700a0000 - 0x00007ffb70419000 	C:\WINDOWS\System32\KERNELBASE.dll
0x00007ffb70840000 - 0x00007ffb70951000 	C:\WINDOWS\System32\ucrtbase.dll
0x00007ffb65fe0000 - 0x00007ffb65ff8000 	C:\Program Files\Java\jdk-11.0.14\bin\jli.dll
0x00007ffb66000000 - 0x00007ffb66015000 	C:\Program Files\Java\jdk-11.0.14\bin\VCRUNTIME140.dll
0x00007ffb70c20000 - 0x00007ffb70cce000 	C:\WINDOWS\System32\ADVAPI32.dll
0x00007ffb722b0000 - 0x00007ffb72353000 	C:\WINDOWS\System32\msvcrt.dll
0x00007ffb70b80000 - 0x00007ffb70c1e000 	C:\WINDOWS\System32\sechost.dll
0x00007ffb72360000 - 0x00007ffb72480000 	C:\WINDOWS\System32\RPCRT4.dll
0x00007ffb70cd0000 - 0x00007ffb70e7c000 	C:\WINDOWS\System32\USER32.dll
0x00007ffb70420000 - 0x00007ffb70446000 	C:\WINDOWS\System32\win32u.dll
0x00007ffb53c20000 - 0x00007ffb53ec5000 	C:\WINDOWS\WinSxS\amd64_microsoft.windows.common-controls_6595b64144ccf1df_6.0.22000.120_none_9d947278b86cc467\COMCTL32.dll
0x00007ffb70ef0000 - 0x00007ffb70f19000 	C:\WINDOWS\System32\GDI32.dll
0x00007ffb70450000 - 0x00007ffb70562000 	C:\WINDOWS\System32\gdi32full.dll
0x00007ffb70570000 - 0x00007ffb7060d000 	C:\WINDOWS\System32\msvcp_win.dll
0x00007ffb630b0000 - 0x00007ffb630ba000 	C:\WINDOWS\SYSTEM32\VERSION.dll
0x00007ffb70f90000 - 0x00007ffb70fc1000 	C:\WINDOWS\System32\IMM32.DLL
0x00007ffb2eb40000 - 0x00007ffb2ebdb000 	C:\Program Files\Java\jdk-11.0.14\bin\msvcp140.dll
0x00007ffb18c60000 - 0x00007ffb19776000 	C:\Program Files\Java\jdk-11.0.14\bin\server\jvm.dll
0x00007ffb722a0000 - 0x00007ffb722a8000 	C:\WINDOWS\System32\PSAPI.DLL
0x00007ffb65be0000 - 0x00007ffb65c13000 	C:\WINDOWS\SYSTEM32\WINMM.dll
0x00007ffb51a60000 - 0x00007ffb51a69000 	C:\WINDOWS\SYSTEM32\WSOCK32.dll
0x00007ffb70e80000 - 0x00007ffb70eef000 	C:\WINDOWS\System32\WS2_32.dll
0x00007ffb6f170000 - 0x00007ffb6f188000 	C:\WINDOWS\SYSTEM32\kernel.appcore.dll
0x00007ffb44e40000 - 0x00007ffb44e50000 	C:\Program Files\Java\jdk-11.0.14\bin\verify.dll
0x00007ffb6db20000 - 0x00007ffb6dd41000 	C:\WINDOWS\SYSTEM32\DBGHELP.DLL
0x00007ffb52c70000 - 0x00007ffb52ca1000 	C:\WINDOWS\SYSTEM32\dbgcore.DLL
0x00007ffb70960000 - 0x00007ffb709df000 	C:\WINDOWS\System32\bcryptPrimitives.dll
0x00007ffb304c0000 - 0x00007ffb304e8000 	C:\Program Files\Java\jdk-11.0.14\bin\java.dll
0x00007ffb42910000 - 0x00007ffb4291a000 	C:\Program Files\Java\jdk-11.0.14\bin\jimage.dll
0x00007ffb304a0000 - 0x00007ffb304b6000 	C:\Program Files\Java\jdk-11.0.14\bin\zip.dll
0x00007ffb715c0000 - 0x00007ffb71d6f000 	C:\WINDOWS\System32\SHELL32.dll
0x00007ffb6e160000 - 0x00007ffb6e9c8000 	C:\WINDOWS\SYSTEM32\windows.storage.dll
0x00007ffb72480000 - 0x00007ffb727f8000 	C:\WINDOWS\System32\combase.dll
0x00007ffb6dff0000 - 0x00007ffb6e156000 	C:\WINDOWS\SYSTEM32\wintypes.dll
0x00007ffb728c0000 - 0x00007ffb729aa000 	C:\WINDOWS\System32\SHCORE.dll
0x00007ffb72240000 - 0x00007ffb7229d000 	C:\WINDOWS\System32\shlwapi.dll
0x00007ffb6ff60000 - 0x00007ffb6ff81000 	C:\WINDOWS\SYSTEM32\profapi.dll
0x00007ffb2eb20000 - 0x00007ffb2eb39000 	C:\Program Files\Java\jdk-11.0.14\bin\net.dll
0x00007ffb66e50000 - 0x00007ffb66f5c000 	C:\WINDOWS\SYSTEM32\WINHTTP.dll
0x00007ffb6f5e0000 - 0x00007ffb6f647000 	C:\WINDOWS\system32\mswsock.dll
0x00007ffb2eb00000 - 0x00007ffb2eb12000 	C:\Program Files\Java\jdk-11.0.14\bin\nio.dll
0x00007ffb58820000 - 0x00007ffb58829000 	C:\Program Files\Java\jdk-11.0.14\bin\management.dll
0x00007ffb58810000 - 0x00007ffb5881b000 	C:\Program Files\Java\jdk-11.0.14\bin\management_ext.dll
0x00007ffb6ec10000 - 0x00007ffb6ec3d000 	C:\WINDOWS\SYSTEM32\IPHLPAPI.DLL
0x00007ffb70f80000 - 0x00007ffb70f89000 	C:\WINDOWS\System32\NSI.dll
0x00007ffb653a0000 - 0x00007ffb653b9000 	C:\WINDOWS\SYSTEM32\dhcpcsvc6.DLL
0x00007ffb663a0000 - 0x00007ffb663be000 	C:\WINDOWS\SYSTEM32\dhcpcsvc.DLL
0x00007ffb6ec40000 - 0x00007ffb6ed28000 	C:\WINDOWS\SYSTEM32\DNSAPI.dll
0x00007ffb62c60000 - 0x00007ffb62c6a000 	C:\Windows\System32\rasadhlp.dll
0x00007ffb62bd0000 - 0x00007ffb62c51000 	C:\WINDOWS\System32\fwpuclnt.dll
0x00007ffb469c0000 - 0x00007ffb469d7000 	C:\WINDOWS\system32\napinsp.dll
0x00007ffb469a0000 - 0x00007ffb469bb000 	C:\WINDOWS\system32\pnrpnsp.dll
0x00007ffb46960000 - 0x00007ffb46972000 	C:\WINDOWS\System32\winrnr.dll
0x00007ffb46940000 - 0x00007ffb46955000 	C:\WINDOWS\system32\wshbth.dll
0x00007ffb46420000 - 0x00007ffb4643f000 	C:\WINDOWS\system32\nlansp_c.dll

dbghelp: loaded successfully - version: 4.0.5 - missing functions: none
symbol engine: initialized successfully - sym options: 0x614 - pdb path: .;C:\Program Files\Java\jdk-11.0.14\bin;C:\WINDOWS\SYSTEM32;C:\WINDOWS\WinSxS\amd64_microsoft.windows.common-controls_6595b64144ccf1df_6.0.22000.120_none_9d947278b86cc467;C:\Program Files\Java\jdk-11.0.14\bin\server

VM Arguments:
java_command: C:\Users\SKANDE~1\AppData\Local\Temp\surefire18381881746260798959\surefirebooter12715353409874695181.jar C:\Users\Skander Boussorra\AppData\Local\Temp\surefire18381881746260798959 2022-06-02T14-04-31_998-jvmRun1 surefire1905209648269142288tmp surefire_02082580751795265562tmp
java_class_path (initial): C:\Users\SKANDE~1\AppData\Local\Temp\surefire18381881746260798959\surefirebooter12715353409874695181.jar
Launcher Type: SUN_STANDARD

[Global flags]
     intx CICompilerCount                          = 4                                         {product} {ergonomic}
     uint ConcGCThreads                            = 2                                         {product} {ergonomic}
     uint G1ConcRefinementThreads                  = 8                                         {product} {ergonomic}
   size_t G1HeapRegionSize                         = 1048576                                   {product} {ergonomic}
    uintx GCDrainStackTargetSize                   = 64                                        {product} {ergonomic}
   size_t InitialHeapSize                          = 130023424                                 {product} {ergonomic}
   size_t MarkStackSize                            = 4194304                                   {product} {ergonomic}
   size_t MaxHeapSize                              = 2061500416                                {product} {ergonomic}
   size_t MaxNewSize                               = 1236271104                                {product} {ergonomic}
   size_t MinHeapDeltaBytes                        = 1048576                                   {product} {ergonomic}
    uintx NonNMethodCodeHeapSize                   = 5836300                                {pd product} {ergonomic}
    uintx NonProfiledCodeHeapSize                  = 122910970                              {pd product} {ergonomic}
    uintx ProfiledCodeHeapSize                     = 122910970                              {pd product} {ergonomic}
    uintx ReservedCodeCacheSize                    = 251658240                              {pd product} {ergonomic}
     bool SegmentedCodeCache                       = true                                      {product} {ergonomic}
     bool UseCompressedClassPointers               = true                                 {lp64_product} {ergonomic}
     bool UseCompressedOops                        = true                                 {lp64_product} {ergonomic}
     bool UseG1GC                                  = true                                      {product} {ergonomic}
     bool UseLargePagesIndividualAllocation        = false                                  {pd product} {ergonomic}

Logging:
Log output configuration:
 #0: stdout all=warning uptime,level,tags
 #1: stderr all=off uptime,level,tags

Environment Variables:
JAVA_HOME=C:\Program Files\Java\jdk-11.0.14
PATH=C:\oraclexe\app\oracle\product\10.2.0\server\bin;C:\Program Files (x86)\VMware\VMware Workstation\bin\;C:\WINDOWS\system32;C:\WINDOWS;C:\WINDOWS\System32\Wbem;C:\WINDOWS\System32\WindowsPowerShell\v1.0\;C:\WINDOWS\System32\OpenSSH\;C:\Program Files (x86)\Common Files\PCXTools;C:\Program Files\PuTTY\;C:\Program Files\Docker\Docker\resources\bin;C:\ProgramData\DockerDesktop\version-bin;C:\Program Files\Git\cmd;C:\Users\Skander Boussorra\AppData\Local\Microsoft\WindowsApps;C:\Program Files\JetBrains\IntelliJ IDEA 2022.1\bin;;C:\apache-maven-3.8.5\bin;C:\Program Files\Java\jdk-11.0.14\bin;C:\Program Files\apache-maven-3.5.0\bin;
USERNAME=Skander Boussorra
OS=Windows_NT
PROCESSOR_IDENTIFIER=Intel64 Family 6 Model 140 Stepping 1, GenuineIntel



---------------  S Y S T E M  ---------------

OS: Windows 11 , 64 bit Build 22000 (10.0.22000.675)
Hyper-V role detected

CPU:total 8 (initial active 8) (4 cores per cpu, 2 threads per core) family 6 model 140 stepping 1 microcode 0x86, cmov, cx8, fxsr, mmx, sse, sse2, sse3, ssse3, sse4.1, sse4.2, popcnt, avx, avx2, aes, clmul, erms, 3dnowpref, lzcnt, ht, tsc, tscinvbit, bmi1, bmi2, adx, evex, sha, fma

Memory: 4k page, system-wide physical 7859M (127M free)
TotalPageFile size 22978M (AvailPageFile size 1M)
current process WorkingSet (physical memory assigned to process): 179M, peak: 179M
current process commit charge ("private bytes"): 267M, peak: 291M

vm_info: Java HotSpot(TM) 64-Bit Server VM (11.0.14+8-LTS-263) for windows-amd64 JRE (11.0.14+8-LTS-263), built on Dec  7 2021 21:53:57 by "mach5one" with MS VC++ 15.9 (VS2017)

END.
